<?xml version="1.0" encoding="utf-8"?><testsuites name="pytest tests"><testsuite name="pytest" errors="0" failures="0" skipped="0" tests="168" time="0.464" timestamp="2026-03-10T04:31:55.422012+08:00" hostname="JGSY"><testcase classname="test-automation.tests.api.test_blockchain_evidence_api.TestEvidenceCreateApi" name="test_create_evidence_positive" time="0.129" /><testcase classname="test-automation.tests.api.test_blockchain_evidence_api.TestEvidenceCreateApi" name="test_create_evidence_no_auth" time="0.001" /><testcase classname="test-automation.tests.api.test_blockchain_evidence_api.TestEvidenceCreateApi" name="test_create_evidence_invalid_token" time="0.000" /><testcase classname="test-automation.tests.api.test_blockchain_evidence_api.TestEvidenceCreateApi" name="test_create_evidence_empty_body" time="0.001" /><testcase classname="test-automation.tests.api.test_blockchain_evidence_api.TestEvidenceCreateApi" name="test_create_evidence_missing_evidence_type" time="0.000" /><testcase classname="test-automation.tests.api.test_blockchain_evidence_api.TestEvidenceCreateApi" name="test_create_evidence_missing_business_id" time="0.000" /><testcase classname="test-automation.tests.api.test_blockchain_evidence_api.TestEvidenceCreateApi" name="test_create_evidence_missing_raw_data" time="0.000" /><testcase classname="test-automation.tests.api.test_blockchain_evidence_api.TestEvidenceCreateApi" name="test_create_evidence_sql_injection_business_id" time="0.000" /><testcase classname="test-automation.tests.api.test_blockchain_evidence_api.TestEvidenceCreateApi" name="test_create_evidence_xss_raw_data" time="0.000" /><testcase classname="test-automation.tests.api.test_blockchain_evidence_api.TestEvidenceCreateApi" name="test_create_evidence_large_payload" time="0.000" /><testcase classname="test-automation.tests.api.test_blockchain_evidence_api.TestEvidenceCreateApi" name="test_create_evidence_invalid_evidence_type" time="0.001" /><testcase classname="test-automation.tests.api.test_blockchain_evidence_api.TestEvidenceCreateApi" name="test_create_evidence_unicode_data" time="0.000" /><testcase classname="test-automation.tests.api.test_blockchain_evidence_api.TestEvidenceCreateApi" name="test_create_evidence_tenant_isolation" time="0.000" /><testcase classname="test-automation.tests.api.test_blockchain_evidence_api.TestEvidenceCreateApi" name="test_create_evidence_duplicate_business_id" time="0.000" /><testcase classname="test-automation.tests.api.test_blockchain_evidence_api.TestEvidenceCreateApi" name="test_create_evidence_concurrent" time="0.000" /><testcase classname="test-automation.tests.api.test_blockchain_evidence_api.TestEvidenceCreateApi" name="test_create_evidence_idempotency" time="0.000" /><testcase classname="test-automation.tests.api.test_blockchain_evidence_api.TestEvidenceCreateApi" name="test_create_evidence_response_structure" time="0.000" /><testcase classname="test-automation.tests.api.test_blockchain_evidence_api.TestEvidenceBatchCreateApi" name="test_batch_create_positive" time="0.000" /><testcase classname="test-automation.tests.api.test_blockchain_evidence_api.TestEvidenceBatchCreateApi" name="test_batch_create_no_auth" time="0.001" /><testcase classname="test-automation.tests.api.test_blockchain_evidence_api.TestEvidenceBatchCreateApi" name="test_batch_create_invalid_token" time="0.000" /><testcase classname="test-automation.tests.api.test_blockchain_evidence_api.TestEvidenceBatchCreateApi" name="test_batch_create_empty_items" time="0.000" /><testcase classname="test-automation.tests.api.test_blockchain_evidence_api.TestEvidenceBatchCreateApi" name="test_batch_create_single_item" time="0.000" /><testcase classname="test-automation.tests.api.test_blockchain_evidence_api.TestEvidenceBatchCreateApi" name="test_batch_create_large_batch" time="0.001" /><testcase classname="test-automation.tests.api.test_blockchain_evidence_api.TestEvidenceBatchCreateApi" name="test_batch_create_sql_injection" time="0.000" /><testcase classname="test-automation.tests.api.test_blockchain_evidence_api.TestEvidenceBatchCreateApi" name="test_batch_create_tenant_isolation" time="0.001" /><testcase classname="test-automation.tests.api.test_blockchain_evidence_api.TestEvidenceBatchCreateApi" name="test_batch_create_response_structure" time="0.001" /><testcase classname="test-automation.tests.api.test_blockchain_evidence_api.TestEvidenceGetByIdApi" name="test_get_by_id_positive" time="0.000" /><testcase classname="test-automation.tests.api.test_blockchain_evidence_api.TestEvidenceGetByIdApi" name="test_get_by_id_no_auth" time="0.000" /><testcase classname="test-automation.tests.api.test_blockchain_evidence_api.TestEvidenceGetByIdApi" name="test_get_by_id_invalid_token" time="0.000" /><testcase classname="test-automation.tests.api.test_blockchain_evidence_api.TestEvidenceGetByIdApi" name="test_get_by_id_not_found" time="0.000" /><testcase classname="test-automation.tests.api.test_blockchain_evidence_api.TestEvidenceGetByIdApi" name="test_get_by_id_invalid_guid" time="0.001" /><testcase classname="test-automation.tests.api.test_blockchain_evidence_api.TestEvidenceGetByIdApi" name="test_get_by_id_sql_injection" time="0.001" /><testcase classname="test-automation.tests.api.test_blockchain_evidence_api.TestEvidenceGetByIdApi" name="test_get_by_id_tenant_isolation" time="0.000" /><testcase classname="test-automation.tests.api.test_blockchain_evidence_api.TestEvidenceGetByIdApi" name="test_get_by_id_response_structure" time="0.000" /><testcase classname="test-automation.tests.api.test_blockchain_evidence_api.TestEvidenceGetByBusinessIdApi" name="test_get_by_business_id_positive" time="0.000" /><testcase classname="test-automation.tests.api.test_blockchain_evidence_api.TestEvidenceGetByBusinessIdApi" name="test_get_by_business_id_no_auth" time="0.000" /><testcase classname="test-automation.tests.api.test_blockchain_evidence_api.TestEvidenceGetByBusinessIdApi" name="test_get_by_business_id_invalid_token" time="0.000" /><testcase classname="test-automation.tests.api.test_blockchain_evidence_api.TestEvidenceGetByBusinessIdApi" name="test_get_by_business_id_not_found" time="0.000" /><testcase classname="test-automation.tests.api.test_blockchain_evidence_api.TestEvidenceGetByBusinessIdApi" name="test_get_by_business_id_sql_injection" time="0.000" /><testcase classname="test-automation.tests.api.test_blockchain_evidence_api.TestEvidenceGetByBusinessIdApi" name="test_get_by_business_id_xss" time="0.000" /><testcase classname="test-automation.tests.api.test_blockchain_evidence_api.TestEvidenceGetByBusinessIdApi" name="test_get_by_business_id_with_query_params" time="0.000" /><testcase classname="test-automation.tests.api.test_blockchain_evidence_api.TestEvidenceGetByBusinessIdApi" name="test_get_by_business_id_tenant_isolation" time="0.001" /><testcase classname="test-automation.tests.api.test_blockchain_evidence_api.TestEvidenceListApi" name="test_list_positive" time="0.000" /><testcase classname="test-automation.tests.api.test_blockchain_evidence_api.TestEvidenceListApi" name="test_list_no_auth" time="0.000" /><testcase classname="test-automation.tests.api.test_blockchain_evidence_api.TestEvidenceListApi" name="test_list_invalid_token" time="0.000" /><testcase classname="test-automation.tests.api.test_blockchain_evidence_api.TestEvidenceListApi" name="test_list_with_pagination" time="0.000" /><testcase classname="test-automation.tests.api.test_blockchain_evidence_api.TestEvidenceListApi" name="test_list_with_filter_type" time="0.000" /><testcase classname="test-automation.tests.api.test_blockchain_evidence_api.TestEvidenceListApi" name="test_list_with_filter_station" time="0.001" /><testcase classname="test-automation.tests.api.test_blockchain_evidence_api.TestEvidenceListApi" name="test_list_with_time_range" time="0.000" /><testcase classname="test-automation.tests.api.test_blockchain_evidence_api.TestEvidenceListApi" name="test_list_page_boundary_zero" time="0.000" /><testcase classname="test-automation.tests.api.test_blockchain_evidence_api.TestEvidenceListApi" name="test_list_page_boundary_large" time="0.001" /><testcase classname="test-automation.tests.api.test_blockchain_evidence_api.TestEvidenceListApi" name="test_list_page_size_boundary" time="0.000" /><testcase classname="test-automation.tests.api.test_blockchain_evidence_api.TestEvidenceListApi" name="test_list_negative_page" time="0.001" /><testcase classname="test-automation.tests.api.test_blockchain_evidence_api.TestEvidenceListApi" name="test_list_sql_injection_filter" time="0.001" /><testcase classname="test-automation.tests.api.test_blockchain_evidence_api.TestEvidenceListApi" name="test_list_tenant_isolation" time="0.000" /><testcase classname="test-automation.tests.api.test_blockchain_evidence_api.TestEvidenceListApi" name="test_list_response_structure" time="0.000" /><testcase classname="test-automation.tests.api.test_blockchain_evidence_api.TestEvidenceVerifyApi" name="test_verify_positive" time="0.000" /><testcase classname="test-automation.tests.api.test_blockchain_evidence_api.TestEvidenceVerifyApi" name="test_verify_no_auth" time="0.000" /><testcase classname="test-automation.tests.api.test_blockchain_evidence_api.TestEvidenceVerifyApi" name="test_verify_invalid_token" time="0.000" /><testcase classname="test-automation.tests.api.test_blockchain_evidence_api.TestEvidenceVerifyApi" name="test_verify_not_found" time="0.000" /><testcase classname="test-automation.tests.api.test_blockchain_evidence_api.TestEvidenceVerifyApi" name="test_verify_invalid_guid" time="0.000" /><testcase classname="test-automation.tests.api.test_blockchain_evidence_api.TestEvidenceVerifyApi" name="test_verify_sql_injection" time="0.000" /><testcase classname="test-automation.tests.api.test_blockchain_evidence_api.TestEvidenceVerifyApi" name="test_verify_concurrent" time="0.001" /><testcase classname="test-automation.tests.api.test_blockchain_evidence_api.TestEvidenceVerifyApi" name="test_verify_tenant_isolation" time="0.001" /><testcase classname="test-automation.tests.api.test_blockchain_evidence_api.TestEvidenceVerifyApi" name="test_verify_response_structure" time="0.000" /><testcase classname="test-automation.tests.api.test_blockchain_evidence_api.TestEvidenceRetryApi" name="test_retry_positive" time="0.000" /><testcase classname="test-automation.tests.api.test_blockchain_evidence_api.TestEvidenceRetryApi" name="test_retry_no_auth" time="0.000" /><testcase classname="test-automation.tests.api.test_blockchain_evidence_api.TestEvidenceRetryApi" name="test_retry_invalid_token" time="0.000" /><testcase classname="test-automation.tests.api.test_blockchain_evidence_api.TestEvidenceRetryApi" name="test_retry_not_found" time="0.001" /><testcase classname="test-automation.tests.api.test_blockchain_evidence_api.TestEvidenceRetryApi" name="test_retry_invalid_guid" time="0.000" /><testcase classname="test-automation.tests.api.test_blockchain_evidence_api.TestEvidenceRetryApi" name="test_retry_already_confirmed" time="0.000" /><testcase classname="test-automation.tests.api.test_blockchain_evidence_api.TestEvidenceRetryApi" name="test_retry_concurrent" time="0.000" /><testcase classname="test-automation.tests.api.test_blockchain_evidence_api.TestEvidenceRetryApi" name="test_retry_max_retries" time="0.000" /><testcase classname="test-automation.tests.api.test_blockchain_evidence_api.TestEvidenceRetryApi" name="test_retry_tenant_isolation" time="0.000" /><testcase classname="test-automation.tests.api.test_blockchain_evidence_api.TestEvidenceStatisticsApi" name="test_statistics_positive" time="0.000" /><testcase classname="test-automation.tests.api.test_blockchain_evidence_api.TestEvidenceStatisticsApi" name="test_statistics_no_auth" time="0.000" /><testcase classname="test-automation.tests.api.test_blockchain_evidence_api.TestEvidenceStatisticsApi" name="test_statistics_invalid_token" time="0.000" /><testcase classname="test-automation.tests.api.test_blockchain_evidence_api.TestEvidenceStatisticsApi" name="test_statistics_with_time_range" time="0.000" /><testcase classname="test-automation.tests.api.test_blockchain_evidence_api.TestEvidenceStatisticsApi" name="test_statistics_tenant_isolation" time="0.000" /><testcase classname="test-automation.tests.api.test_blockchain_evidence_api.TestEvidenceStatisticsApi" name="test_statistics_response_structure" time="0.001" /><testcase classname="test-automation.tests.api.test_blockchain_evidence_api.TestEvidenceTimelineApi" name="test_timeline_positive" time="0.000" /><testcase classname="test-automation.tests.api.test_blockchain_evidence_api.TestEvidenceTimelineApi" name="test_timeline_no_auth" time="0.000" /><testcase classname="test-automation.tests.api.test_blockchain_evidence_api.TestEvidenceTimelineApi" name="test_timeline_invalid_token" time="0.000" /><testcase classname="test-automation.tests.api.test_blockchain_evidence_api.TestEvidenceTimelineApi" name="test_timeline_not_found" time="0.000" /><testcase classname="test-automation.tests.api.test_blockchain_evidence_api.TestEvidenceTimelineApi" name="test_timeline_sql_injection" time="0.000" /><testcase classname="test-automation.tests.api.test_blockchain_evidence_api.TestEvidenceTimelineApi" name="test_timeline_xss" time="0.001" /><testcase classname="test-automation.tests.api.test_blockchain_evidence_api.TestEvidenceTimelineApi" name="test_timeline_tenant_isolation" time="0.000" /><testcase classname="test-automation.tests.api.test_blockchain_evidence_api.TestEvidenceTimelineApi" name="test_timeline_response_structure" time="0.000" /><testcase classname="test-automation.tests.api.test_blockchain_evidence_api.TestInternalEvidenceCreateApi" name="test_internal_create_positive" time="0.000" /><testcase classname="test-automation.tests.api.test_blockchain_evidence_api.TestInternalEvidenceCreateApi" name="test_internal_create_empty_body" time="0.000" /><testcase classname="test-automation.tests.api.test_blockchain_evidence_api.TestInternalEvidenceCreateApi" name="test_internal_create_missing_fields" time="0.000" /><testcase classname="test-automation.tests.api.test_blockchain_evidence_api.TestInternalEvidenceCreateApi" name="test_internal_create_sql_injection" time="0.000" /><testcase classname="test-automation.tests.api.test_blockchain_evidence_api.TestInternalEvidenceCreateApi" name="test_internal_create_response_structure" time="0.000" /><testcase classname="test-automation.tests.api.test_blockchain_evidence_api.TestInternalEvidenceBatchApi" name="test_internal_batch_positive" time="0.000" /><testcase classname="test-automation.tests.api.test_blockchain_evidence_api.TestInternalEvidenceBatchApi" name="test_internal_batch_empty_items" time="0.000" /><testcase classname="test-automation.tests.api.test_blockchain_evidence_api.TestInternalEvidenceBatchApi" name="test_internal_batch_response_structure" time="0.000" /><testcase classname="test-automation.tests.api.test_blockchain_evidence_api.TestInternalEvidenceVerifyApi" name="test_internal_verify_positive" time="0.000" /><testcase classname="test-automation.tests.api.test_blockchain_evidence_api.TestInternalEvidenceVerifyApi" name="test_internal_verify_not_found" time="0.000" /><testcase classname="test-automation.tests.api.test_blockchain_evidence_api.TestInternalEvidenceVerifyApi" name="test_internal_verify_invalid_guid" time="0.000" /><testcase classname="test-automation.tests.api.test_blockchain_evidence_api.TestInternalEvidenceVerifyApi" name="test_internal_verify_response_structure" time="0.000" /><testcase classname="test-automation.tests.api.test_blockchain_evidence_api.TestInternalEvidenceGetApi" name="test_internal_get_positive" time="0.000" /><testcase classname="test-automation.tests.api.test_blockchain_evidence_api.TestInternalEvidenceGetApi" name="test_internal_get_not_found" time="0.000" /><testcase classname="test-automation.tests.api.test_blockchain_evidence_api.TestInternalEvidenceGetApi" name="test_internal_get_invalid_guid" time="0.000" /><testcase classname="test-automation.tests.api.test_blockchain_evidence_api.TestInternalEvidenceGetApi" name="test_internal_get_response_structure" time="0.000" /><testcase classname="test-automation.tests.api.test_blockchain_evidence_api.TestInternalEvidenceGetByBusinessApi" name="test_internal_get_by_business_positive" time="0.000" /><testcase classname="test-automation.tests.api.test_blockchain_evidence_api.TestInternalEvidenceGetByBusinessApi" name="test_internal_get_by_business_not_found" time="0.000" /><testcase classname="test-automation.tests.api.test_blockchain_evidence_api.TestInternalEvidenceGetByBusinessApi" name="test_internal_get_by_business_sql_injection" time="0.001" /><testcase classname="test-automation.tests.api.test_blockchain_evidence_api.TestInternalEvidenceGetByBusinessApi" name="test_internal_get_by_business_response_structure" time="0.001" /><testcase classname="test-automation.tests.api.test_blockchain_evidence_api.TestEvidencePermissions" name="test_create_requires_evidence_create" time="0.001" /><testcase classname="test-automation.tests.api.test_blockchain_evidence_api.TestEvidencePermissions" name="test_batch_create_requires_evidence_create" time="0.000" /><testcase classname="test-automation.tests.api.test_blockchain_evidence_api.TestEvidencePermissions" name="test_get_by_id_requires_evidence_view" time="0.000" /><testcase classname="test-automation.tests.api.test_blockchain_evidence_api.TestEvidencePermissions" name="test_list_requires_evidence_list" time="0.000" /><testcase classname="test-automation.tests.api.test_blockchain_evidence_api.TestEvidencePermissions" name="test_verify_requires_evidence_verify" time="0.000" /><testcase classname="test-automation.tests.api.test_blockchain_evidence_api.TestEvidencePermissions" name="test_retry_requires_evidence_update" time="0.000" /><testcase classname="test-automation.tests.api.test_blockchain_evidence_api.TestEvidencePermissions" name="test_statistics_requires_evidence_view" time="0.000" /><testcase classname="test-automation.tests.api.test_blockchain_evidence_api.TestEvidencePermissions" name="test_timeline_requires_evidence_view" time="0.000" /><testcase classname="test-automation.tests.api.test_blockchain_evidence_api.TestThreeAdminSeparation" name="test_audit_admin_can_view_evidence" time="0.000" /><testcase classname="test-automation.tests.api.test_blockchain_evidence_api.TestThreeAdminSeparation" name="test_audit_admin_can_verify_evidence" time="0.000" /><testcase classname="test-automation.tests.api.test_blockchain_evidence_api.TestThreeAdminSeparation" name="test_system_admin_can_create_evidence" time="0.001" /><testcase classname="test-automation.tests.api.test_blockchain_evidence_api.TestThreeAdminSeparation" name="test_create_evidence_returns_data_hash" time="0.000" /><testcase classname="test-automation.tests.api.test_blockchain_evidence_api.TestThreeAdminSeparation" name="test_statistics_accessible" time="0.001" /><testcase classname="test-automation.tests.api.test_blockchain_audit_infra.TestAuditLogQuery" name="test_query_audit_logs_returns_200" time="0.001" /><testcase classname="test-automation.tests.api.test_blockchain_audit_infra.TestAuditLogQuery" name="test_query_audit_logs_with_action_filter" time="0.000" /><testcase classname="test-automation.tests.api.test_blockchain_audit_infra.TestAuditLogQuery" name="test_query_audit_logs_with_resource_filter" time="0.000" /><testcase classname="test-automation.tests.api.test_blockchain_audit_infra.TestAuditLogQuery" name="test_query_audit_logs_with_time_range" time="0.001" /><testcase classname="test-automation.tests.api.test_blockchain_audit_infra.TestAuditLogQuery" name="test_query_audit_logs_with_pagination" time="0.001" /><testcase classname="test-automation.tests.api.test_blockchain_audit_infra.TestAuditLogQuery" name="test_query_audit_logs_no_auth_returns_401" time="0.000" /><testcase classname="test-automation.tests.api.test_blockchain_audit_infra.TestAuditLogQuery" name="test_query_audit_logs_invalid_token_returns_401" time="0.000" /><testcase classname="test-automation.tests.api.test_blockchain_audit_infra.TestAuditLogQuery" name="test_query_audit_logs_negative_limit" time="0.000" /><testcase classname="test-automation.tests.api.test_blockchain_audit_infra.TestAuditLogQuery" name="test_query_audit_logs_max_limit" time="0.000" /><testcase classname="test-automation.tests.api.test_blockchain_audit_infra.TestAuditLogCount" name="test_count_audit_logs_returns_200" time="0.000" /><testcase classname="test-automation.tests.api.test_blockchain_audit_infra.TestAuditLogCount" name="test_count_with_action_filter" time="0.000" /><testcase classname="test-automation.tests.api.test_blockchain_audit_infra.TestAuditLogCount" name="test_count_with_resource_filter" time="0.001" /><testcase classname="test-automation.tests.api.test_blockchain_audit_infra.TestAuditLogCount" name="test_count_no_auth_returns_401" time="0.000" /><testcase classname="test-automation.tests.api.test_blockchain_audit_infra.TestChainHashVerification" name="test_verify_integrity_returns_200" time="0.000" /><testcase classname="test-automation.tests.api.test_blockchain_audit_infra.TestChainHashVerification" name="test_verify_integrity_with_limit" time="0.000" /><testcase classname="test-automation.tests.api.test_blockchain_audit_infra.TestChainHashVerification" name="test_verify_integrity_no_auth_returns_401" time="0.000" /><testcase classname="test-automation.tests.api.test_blockchain_audit_infra.TestChainHashVerification" name="test_verify_integrity_invalid_token_returns_401" time="0.000" /><testcase classname="test-automation.tests.api.test_blockchain_audit_infra.TestChainHashVerification" name="test_verify_integrity_response_structure" time="0.000" /><testcase classname="test-automation.tests.api.test_blockchain_audit_infra.TestChainHashVerification" name="test_verify_integrity_large_limit" time="0.000" /><testcase classname="test-automation.tests.api.test_blockchain_audit_infra.TestChainHashVerification" name="test_verify_integrity_zero_limit" time="0.000" /><testcase classname="test-automation.tests.api.test_blockchain_audit_infra.TestAuditLogDetail" name="test_query_by_valid_uuid" time="0.000" /><testcase classname="test-automation.tests.api.test_blockchain_audit_infra.TestAuditLogDetail" name="test_query_by_invalid_uuid_returns_400" time="0.000" /><testcase classname="test-automation.tests.api.test_blockchain_audit_infra.TestAuditLogDetail" name="test_query_nonexistent_returns_404" time="0.000" /><testcase classname="test-automation.tests.api.test_blockchain_audit_infra.TestAuditLogDetail" name="test_query_by_id_no_auth_returns_401" time="0.000" /><testcase classname="test-automation.tests.api.test_blockchain_audit_infra.TestAuditLogDetail" name="test_query_by_id_sql_injection" time="0.000" /><testcase classname="test-automation.tests.api.test_blockchain_audit_infra.TestFiscoNodeStatus" name="test_fisco_status_via_internal_api" time="0.000" /><testcase classname="test-automation.tests.api.test_blockchain_audit_infra.TestFiscoNodeStatus" name="test_fisco_status_returns_node_info" time="0.000" /><testcase classname="test-automation.tests.api.test_blockchain_audit_infra.TestFiscoNodeStatus" name="test_fisco_status_no_auth_returns_401" time="0.000" /><testcase classname="test-automation.tests.api.test_blockchain_audit_infra.TestYarpGatewayRoutes" name="test_evidence_route_matches_patterns" time="0.006" /><testcase classname="test-automation.tests.api.test_blockchain_audit_infra.TestYarpGatewayRoutes" name="test_evidence_route_targets_blockchain_cluster" time="0.001" /><testcase classname="test-automation.tests.api.test_blockchain_audit_infra.TestDockerComposeConfig" name="test_compose_has_fisco_env_vars" time="0.001" /><testcase classname="test-automation.tests.api.test_blockchain_audit_infra.TestDockerComposeConfig" name="test_compose_has_fisco_node_service" time="0.001" /><testcase classname="test-automation.tests.api.test_blockchain_audit_infra.TestDockerComposeConfig" name="test_compose_has_webase_service" time="0.001" /><testcase classname="test-automation.tests.api.test_blockchain_audit_infra.TestDockerComposeConfig" name="test_compose_has_fisco_volumes" time="0.001" /><testcase classname="test-automation.tests.api.test_blockchain_audit_infra.TestDockerComposeConfig" name="test_compose_blockchain_depends_on_fisco" time="0.001" /><testcase classname="test-automation.tests.api.test_blockchain_audit_infra.TestAppSettingsConfig" name="test_fisco_enabled" time="0.001" /><testcase classname="test-automation.tests.api.test_blockchain_audit_infra.TestAppSettingsConfig" name="test_fisco_sm_enabled" time="0.001" /><testcase classname="test-automation.tests.api.test_blockchain_audit_infra.TestAppSettingsConfig" name="test_default_chain_is_fisco" time="0.001" /><testcase classname="test-automation.tests.api.test_blockchain_audit_infra.TestAppSettingsConfig" name="test_fisco_nodes_configured" time="0.001" /><testcase classname="test-automation.tests.api.test_blockchain_audit_infra.TestDbUpMigrations" name="test_all_fisco_migrations_exist" time="0.001" /><testcase classname="test-automation.tests.api.test_blockchain_audit_infra.TestDbUpMigrations" name="test_migration_006_has_evidence_table" time="0.001" /><testcase classname="test-automation.tests.api.test_blockchain_audit_infra.TestDbUpMigrations" name="test_migration_008_has_tamper_triggers" time="0.001" /><testcase classname="test-automation.tests.api.test_blockchain_audit_infra.TestDbUpMigrations" name="test_migration_010_has_admin_separation" time="0.001" /><testcase classname="test-automation.tests.api.test_blockchain_audit_infra.TestThreeAdminSeparation" name="test_evidence_create_needs_permission" time="0.001" /><testcase classname="test-automation.tests.api.test_blockchain_audit_infra.TestThreeAdminSeparation" name="test_evidence_verify_needs_permission" time="0.001" /><testcase classname="test-automation.tests.api.test_blockchain_audit_infra.TestThreeAdminSeparation" name="test_audit_query_needs_permission" time="0.001" /><testcase classname="test-automation.tests.api.test_blockchain_audit_infra.TestThreeAdminSeparation" name="test_audit_verify_needs_permission" time="0.001" /></testsuite></testsuites>