<?xml version="1.0" encoding="utf-8"?><testsuites name="pytest tests"><testsuite name="pytest" errors="0" failures="0" skipped="0" tests="6321" time="5700.649" timestamp="2026-03-08T01:31:17.734563+08:00" hostname="JGSY"><testcase classname="tests.generated.supplement.test_085_blockchain_cert_compat.TestBlockchainCertCompatibility.TestChrome" name="test_c001_page_load" time="5.222" /><testcase classname="tests.generated.supplement.test_085_blockchain_cert_compat.TestBlockchainCertCompatibility.TestChrome" name="test_c002_layout_render" time="0.091" /><testcase classname="tests.generated.supplement.test_085_blockchain_cert_compat.TestBlockchainCertCompatibility.TestChrome" name="test_c003_css_styles" time="0.163" /><testcase classname="tests.generated.supplement.test_085_blockchain_cert_compat.TestBlockchainCertCompatibility.TestChrome" name="test_c004_js_exec" time="0.087" /><testcase classname="tests.generated.supplement.test_085_blockchain_cert_compat.TestBlockchainCertCompatibility.TestChrome" name="test_c005_flexbox" time="0.082" /><testcase classname="tests.generated.supplement.test_085_blockchain_cert_compat.TestBlockchainCertCompatibility.TestChrome" name="test_c006_grid" time="0.076" /><testcase classname="tests.generated.supplement.test_085_blockchain_cert_compat.TestBlockchainCertCompatibility.TestChrome" name="test_c007_scrollbar" time="0.080" /><testcase classname="tests.generated.supplement.test_085_blockchain_cert_compat.TestBlockchainCertCompatibility.TestFirefox" name="test_f001_page_load" time="0.096" /><testcase classname="tests.generated.supplement.test_085_blockchain_cert_compat.TestBlockchainCertCompatibility.TestFirefox" name="test_f002_layout_render" time="0.079" /><testcase classname="tests.generated.supplement.test_085_blockchain_cert_compat.TestBlockchainCertCompatibility.TestFirefox" name="test_f003_css_styles" time="0.073" /><testcase classname="tests.generated.supplement.test_085_blockchain_cert_compat.TestBlockchainCertCompatibility.TestFirefox" name="test_f004_js_exec" time="0.074" /><testcase classname="tests.generated.supplement.test_085_blockchain_cert_compat.TestBlockchainCertCompatibility.TestFirefox" name="test_f005_flexbox" time="0.060" /><testcase classname="tests.generated.supplement.test_085_blockchain_cert_compat.TestBlockchainCertCompatibility.TestFirefox" name="test_f006_grid" time="0.066" /><testcase classname="tests.generated.supplement.test_085_blockchain_cert_compat.TestBlockchainCertCompatibility.TestFirefox" name="test_f007_scrollbar" time="0.070" /><testcase classname="tests.generated.supplement.test_085_blockchain_cert_compat.TestBlockchainCertCompatibility.TestEdge" name="test_e001_page_load" time="0.075" /><testcase classname="tests.generated.supplement.test_085_blockchain_cert_compat.TestBlockchainCertCompatibility.TestEdge" name="test_e002_layout_render" time="0.081" /><testcase classname="tests.generated.supplement.test_085_blockchain_cert_compat.TestBlockchainCertCompatibility.TestEdge" name="test_e003_css_styles" time="0.089" /><testcase classname="tests.generated.supplement.test_085_blockchain_cert_compat.TestBlockchainCertCompatibility.TestEdge" name="test_e004_js_exec" time="0.096" /><testcase classname="tests.generated.supplement.test_085_blockchain_cert_compat.TestBlockchainCertCompatibility.TestEdge" name="test_e005_flexbox" time="0.067" /><testcase classname="tests.generated.supplement.test_085_blockchain_cert_compat.TestBlockchainCertCompatibility.TestEdge" name="test_e006_grid" time="0.084" /><testcase classname="tests.generated.supplement.test_085_blockchain_cert_compat.TestBlockchainCertCompatibility.TestEdge" name="test_e007_scrollbar" time="0.097" /><testcase classname="tests.generated.supplement.test_085_blockchain_cert_compat.TestBlockchainCertCompatibility.TestSafari" name="test_s001_page_load" time="0.084" /><testcase classname="tests.generated.supplement.test_085_blockchain_cert_compat.TestBlockchainCertCompatibility.TestSafari" name="test_s002_layout_render" time="0.067" /><testcase classname="tests.generated.supplement.test_085_blockchain_cert_compat.TestBlockchainCertCompatibility.TestSafari" name="test_s003_css_styles" time="0.077" /><testcase classname="tests.generated.supplement.test_085_blockchain_cert_compat.TestBlockchainCertCompatibility.TestSafari" name="test_s004_js_exec" time="0.075" /><testcase classname="tests.generated.supplement.test_085_blockchain_cert_compat.TestBlockchainCertCompatibility.TestSafari" name="test_s005_flexbox" time="0.073" /><testcase classname="tests.generated.supplement.test_085_blockchain_cert_compat.TestBlockchainCertCompatibility.TestSafari" name="test_s006_grid" time="0.070" /><testcase classname="tests.generated.supplement.test_085_blockchain_cert_compat.TestBlockchainCertCompatibility.TestSafari" name="test_s007_scrollbar" time="0.056" /><testcase classname="tests.generated.supplement.test_085_blockchain_cert_compat.TestBlockchainCertCompatibility.TestChromeMobile" name="test_cm001_page_load" time="0.059" /><testcase classname="tests.generated.supplement.test_085_blockchain_cert_compat.TestBlockchainCertCompatibility.TestChromeMobile" name="test_cm002_layout_render" time="0.056" /><testcase classname="tests.generated.supplement.test_085_blockchain_cert_compat.TestBlockchainCertCompatibility.TestChromeMobile" name="test_cm003_css_styles" time="0.057" /><testcase classname="tests.generated.supplement.test_085_blockchain_cert_compat.TestBlockchainCertCompatibility.TestChromeMobile" name="test_cm004_js_exec" time="0.055" /><testcase classname="tests.generated.supplement.test_085_blockchain_cert_compat.TestBlockchainCertCompatibility.TestChromeMobile" name="test_cm005_flexbox" time="0.060" /><testcase classname="tests.generated.supplement.test_085_blockchain_cert_compat.TestBlockchainCertCompatibility.TestChromeMobile" name="test_cm006_grid" time="0.065" /><testcase classname="tests.generated.supplement.test_085_blockchain_cert_compat.TestBlockchainCertCompatibility.TestChromeMobile" name="test_cm007_scrollbar" time="0.069" /><testcase classname="tests.generated.supplement.test_085_blockchain_cert_compat.TestBlockchainCertCompatibility.TestFirefoxMobile" name="test_fm001_page_load" time="0.066" /><testcase classname="tests.generated.supplement.test_085_blockchain_cert_compat.TestBlockchainCertCompatibility.TestFirefoxMobile" name="test_fm002_layout_render" time="0.079" /><testcase classname="tests.generated.supplement.test_085_blockchain_cert_compat.TestBlockchainCertCompatibility.TestFirefoxMobile" name="test_fm003_css_styles" time="0.087" /><testcase classname="tests.generated.supplement.test_085_blockchain_cert_compat.TestBlockchainCertCompatibility.TestFirefoxMobile" name="test_fm004_js_exec" time="0.087" /><testcase classname="tests.generated.supplement.test_085_blockchain_cert_compat.TestBlockchainCertCompatibility.TestFirefoxMobile" name="test_fm005_flexbox" time="0.078" /><testcase classname="tests.generated.supplement.test_085_blockchain_cert_compat.TestBlockchainCertCompatibility.TestFirefoxMobile" name="test_fm006_grid" time="0.090" /><testcase classname="tests.generated.supplement.test_085_blockchain_cert_compat.TestBlockchainCertCompatibility.TestFirefoxMobile" name="test_fm007_scrollbar" time="0.075" /><testcase classname="tests.generated.supplement.test_085_blockchain_cert_compat.TestBlockchainCertCompatibility.TestSafariMobile" name="test_sm001_page_load" time="0.066" /><testcase classname="tests.generated.supplement.test_085_blockchain_cert_compat.TestBlockchainCertCompatibility.TestSafariMobile" name="test_sm002_layout_render" time="0.065" /><testcase classname="tests.generated.supplement.test_085_blockchain_cert_compat.TestBlockchainCertCompatibility.TestSafariMobile" name="test_sm003_css_styles" time="0.076" /><testcase classname="tests.generated.supplement.test_085_blockchain_cert_compat.TestBlockchainCertCompatibility.TestSafariMobile" name="test_sm004_js_exec" time="0.060" /><testcase classname="tests.generated.supplement.test_085_blockchain_cert_compat.TestBlockchainCertCompatibility.TestSafariMobile" name="test_sm005_flexbox" time="0.058" /><testcase classname="tests.generated.supplement.test_085_blockchain_cert_compat.TestBlockchainCertCompatibility.TestSafariMobile" name="test_sm006_grid" time="0.062" /><testcase classname="tests.generated.supplement.test_085_blockchain_cert_compat.TestBlockchainCertCompatibility.TestSafariMobile" name="test_sm007_scrollbar" time="0.066" /><testcase classname="tests.generated.supplement.test_086_blockchain_verify_compat.TestBlockchainVerifyCompatibility.TestChrome" name="test_c001_page_load" time="0.081" /><testcase classname="tests.generated.supplement.test_086_blockchain_verify_compat.TestBlockchainVerifyCompatibility.TestChrome" name="test_c002_layout_render" time="0.068" /><testcase classname="tests.generated.supplement.test_086_blockchain_verify_compat.TestBlockchainVerifyCompatibility.TestChrome" name="test_c003_css_styles" time="0.071" /><testcase classname="tests.generated.supplement.test_086_blockchain_verify_compat.TestBlockchainVerifyCompatibility.TestChrome" name="test_c004_js_exec" time="0.056" /><testcase classname="tests.generated.supplement.test_086_blockchain_verify_compat.TestBlockchainVerifyCompatibility.TestChrome" name="test_c005_flexbox" time="0.059" /><testcase classname="tests.generated.supplement.test_086_blockchain_verify_compat.TestBlockchainVerifyCompatibility.TestChrome" name="test_c006_grid" time="0.064" /><testcase classname="tests.generated.supplement.test_086_blockchain_verify_compat.TestBlockchainVerifyCompatibility.TestChrome" name="test_c007_scrollbar" time="0.082" /><testcase classname="tests.generated.supplement.test_086_blockchain_verify_compat.TestBlockchainVerifyCompatibility.TestFirefox" name="test_f001_page_load" time="0.079" /><testcase classname="tests.generated.supplement.test_086_blockchain_verify_compat.TestBlockchainVerifyCompatibility.TestFirefox" name="test_f002_layout_render" time="0.074" /><testcase classname="tests.generated.supplement.test_086_blockchain_verify_compat.TestBlockchainVerifyCompatibility.TestFirefox" name="test_f003_css_styles" time="0.070" /><testcase classname="tests.generated.supplement.test_086_blockchain_verify_compat.TestBlockchainVerifyCompatibility.TestFirefox" name="test_f004_js_exec" time="0.074" /><testcase classname="tests.generated.supplement.test_086_blockchain_verify_compat.TestBlockchainVerifyCompatibility.TestFirefox" name="test_f005_flexbox" time="0.068" /><testcase classname="tests.generated.supplement.test_086_blockchain_verify_compat.TestBlockchainVerifyCompatibility.TestFirefox" name="test_f006_grid" time="0.068" /><testcase classname="tests.generated.supplement.test_086_blockchain_verify_compat.TestBlockchainVerifyCompatibility.TestFirefox" name="test_f007_scrollbar" time="0.064" /><testcase classname="tests.generated.supplement.test_086_blockchain_verify_compat.TestBlockchainVerifyCompatibility.TestEdge" name="test_e001_page_load" time="0.073" /><testcase classname="tests.generated.supplement.test_086_blockchain_verify_compat.TestBlockchainVerifyCompatibility.TestEdge" name="test_e002_layout_render" time="0.068" /><testcase classname="tests.generated.supplement.test_086_blockchain_verify_compat.TestBlockchainVerifyCompatibility.TestEdge" name="test_e003_css_styles" time="0.073" /><testcase classname="tests.generated.supplement.test_086_blockchain_verify_compat.TestBlockchainVerifyCompatibility.TestEdge" name="test_e004_js_exec" time="0.070" /><testcase classname="tests.generated.supplement.test_086_blockchain_verify_compat.TestBlockchainVerifyCompatibility.TestEdge" name="test_e005_flexbox" time="0.073" /><testcase classname="tests.generated.supplement.test_086_blockchain_verify_compat.TestBlockchainVerifyCompatibility.TestEdge" name="test_e006_grid" time="0.077" /><testcase classname="tests.generated.supplement.test_086_blockchain_verify_compat.TestBlockchainVerifyCompatibility.TestEdge" name="test_e007_scrollbar" time="0.074" /><testcase classname="tests.generated.supplement.test_086_blockchain_verify_compat.TestBlockchainVerifyCompatibility.TestSafari" name="test_s001_page_load" time="0.073" /><testcase classname="tests.generated.supplement.test_086_blockchain_verify_compat.TestBlockchainVerifyCompatibility.TestSafari" name="test_s002_layout_render" time="0.085" /><testcase classname="tests.generated.supplement.test_086_blockchain_verify_compat.TestBlockchainVerifyCompatibility.TestSafari" name="test_s003_css_styles" time="0.110" /><testcase classname="tests.generated.supplement.test_086_blockchain_verify_compat.TestBlockchainVerifyCompatibility.TestSafari" name="test_s004_js_exec" time="0.081" /><testcase classname="tests.generated.supplement.test_086_blockchain_verify_compat.TestBlockchainVerifyCompatibility.TestSafari" name="test_s005_flexbox" time="0.090" /><testcase classname="tests.generated.supplement.test_086_blockchain_verify_compat.TestBlockchainVerifyCompatibility.TestSafari" name="test_s006_grid" time="0.093" /><testcase classname="tests.generated.supplement.test_086_blockchain_verify_compat.TestBlockchainVerifyCompatibility.TestSafari" name="test_s007_scrollbar" time="0.110" /><testcase classname="tests.generated.supplement.test_086_blockchain_verify_compat.TestBlockchainVerifyCompatibility.TestChromeMobile" name="test_cm001_page_load" time="0.096" /><testcase classname="tests.generated.supplement.test_086_blockchain_verify_compat.TestBlockchainVerifyCompatibility.TestChromeMobile" name="test_cm002_layout_render" time="0.095" /><testcase classname="tests.generated.supplement.test_086_blockchain_verify_compat.TestBlockchainVerifyCompatibility.TestChromeMobile" name="test_cm003_css_styles" time="0.089" /><testcase classname="tests.generated.supplement.test_086_blockchain_verify_compat.TestBlockchainVerifyCompatibility.TestChromeMobile" name="test_cm004_js_exec" time="0.078" /><testcase classname="tests.generated.supplement.test_086_blockchain_verify_compat.TestBlockchainVerifyCompatibility.TestChromeMobile" name="test_cm005_flexbox" time="0.095" /><testcase classname="tests.generated.supplement.test_086_blockchain_verify_compat.TestBlockchainVerifyCompatibility.TestChromeMobile" name="test_cm006_grid" time="0.090" /><testcase classname="tests.generated.supplement.test_086_blockchain_verify_compat.TestBlockchainVerifyCompatibility.TestChromeMobile" name="test_cm007_scrollbar" time="0.072" /><testcase classname="tests.generated.supplement.test_086_blockchain_verify_compat.TestBlockchainVerifyCompatibility.TestFirefoxMobile" name="test_fm001_page_load" time="0.065" /><testcase classname="tests.generated.supplement.test_086_blockchain_verify_compat.TestBlockchainVerifyCompatibility.TestFirefoxMobile" name="test_fm002_layout_render" time="0.063" /><testcase classname="tests.generated.supplement.test_086_blockchain_verify_compat.TestBlockchainVerifyCompatibility.TestFirefoxMobile" name="test_fm003_css_styles" time="0.054" /><testcase classname="tests.generated.supplement.test_086_blockchain_verify_compat.TestBlockchainVerifyCompatibility.TestFirefoxMobile" name="test_fm004_js_exec" time="0.051" /><testcase classname="tests.generated.supplement.test_086_blockchain_verify_compat.TestBlockchainVerifyCompatibility.TestFirefoxMobile" name="test_fm005_flexbox" time="0.053" /><testcase classname="tests.generated.supplement.test_086_blockchain_verify_compat.TestBlockchainVerifyCompatibility.TestFirefoxMobile" name="test_fm006_grid" time="0.052" /><testcase classname="tests.generated.supplement.test_086_blockchain_verify_compat.TestBlockchainVerifyCompatibility.TestFirefoxMobile" name="test_fm007_scrollbar" time="0.064" /><testcase classname="tests.generated.supplement.test_086_blockchain_verify_compat.TestBlockchainVerifyCompatibility.TestSafariMobile" name="test_sm001_page_load" time="0.066" /><testcase classname="tests.generated.supplement.test_086_blockchain_verify_compat.TestBlockchainVerifyCompatibility.TestSafariMobile" name="test_sm002_layout_render" time="0.064" /><testcase classname="tests.generated.supplement.test_086_blockchain_verify_compat.TestBlockchainVerifyCompatibility.TestSafariMobile" name="test_sm003_css_styles" time="0.060" /><testcase classname="tests.generated.supplement.test_086_blockchain_verify_compat.TestBlockchainVerifyCompatibility.TestSafariMobile" name="test_sm004_js_exec" time="0.075" /><testcase classname="tests.generated.supplement.test_086_blockchain_verify_compat.TestBlockchainVerifyCompatibility.TestSafariMobile" name="test_sm005_flexbox" time="0.076" /><testcase classname="tests.generated.supplement.test_086_blockchain_verify_compat.TestBlockchainVerifyCompatibility.TestSafariMobile" name="test_sm006_grid" time="0.081" /><testcase classname="tests.generated.supplement.test_086_blockchain_verify_compat.TestBlockchainVerifyCompatibility.TestSafariMobile" name="test_sm007_scrollbar" time="0.079" /><testcase classname="tests.generated.supplement.test_087_blockchain_record_compat.TestBlockchainRecordCompatibility.TestChrome" name="test_c001_page_load" time="0.079" /><testcase classname="tests.generated.supplement.test_087_blockchain_record_compat.TestBlockchainRecordCompatibility.TestChrome" name="test_c002_layout_render" time="0.062" /><testcase classname="tests.generated.supplement.test_087_blockchain_record_compat.TestBlockchainRecordCompatibility.TestChrome" name="test_c003_css_styles" time="0.056" /><testcase classname="tests.generated.supplement.test_087_blockchain_record_compat.TestBlockchainRecordCompatibility.TestChrome" name="test_c004_js_exec" time="0.049" /><testcase classname="tests.generated.supplement.test_087_blockchain_record_compat.TestBlockchainRecordCompatibility.TestChrome" name="test_c005_flexbox" time="0.053" /><testcase classname="tests.generated.supplement.test_087_blockchain_record_compat.TestBlockchainRecordCompatibility.TestChrome" name="test_c006_grid" time="0.054" /><testcase classname="tests.generated.supplement.test_087_blockchain_record_compat.TestBlockchainRecordCompatibility.TestChrome" name="test_c007_scrollbar" time="0.052" /><testcase classname="tests.generated.supplement.test_087_blockchain_record_compat.TestBlockchainRecordCompatibility.TestFirefox" name="test_f001_page_load" time="0.056" /><testcase classname="tests.generated.supplement.test_087_blockchain_record_compat.TestBlockchainRecordCompatibility.TestFirefox" name="test_f002_layout_render" time="0.058" /><testcase classname="tests.generated.supplement.test_087_blockchain_record_compat.TestBlockchainRecordCompatibility.TestFirefox" name="test_f003_css_styles" time="0.057" /><testcase classname="tests.generated.supplement.test_087_blockchain_record_compat.TestBlockchainRecordCompatibility.TestFirefox" name="test_f004_js_exec" time="0.057" /><testcase classname="tests.generated.supplement.test_087_blockchain_record_compat.TestBlockchainRecordCompatibility.TestFirefox" name="test_f005_flexbox" time="0.057" /><testcase classname="tests.generated.supplement.test_087_blockchain_record_compat.TestBlockchainRecordCompatibility.TestFirefox" name="test_f006_grid" time="0.069" /><testcase classname="tests.generated.supplement.test_087_blockchain_record_compat.TestBlockchainRecordCompatibility.TestFirefox" name="test_f007_scrollbar" time="0.063" /><testcase classname="tests.generated.supplement.test_087_blockchain_record_compat.TestBlockchainRecordCompatibility.TestEdge" name="test_e001_page_load" time="0.078" /><testcase classname="tests.generated.supplement.test_087_blockchain_record_compat.TestBlockchainRecordCompatibility.TestEdge" name="test_e002_layout_render" time="0.074" /><testcase classname="tests.generated.supplement.test_087_blockchain_record_compat.TestBlockchainRecordCompatibility.TestEdge" name="test_e003_css_styles" time="0.097" /><testcase classname="tests.generated.supplement.test_087_blockchain_record_compat.TestBlockchainRecordCompatibility.TestEdge" name="test_e004_js_exec" time="0.095" /><testcase classname="tests.generated.supplement.test_087_blockchain_record_compat.TestBlockchainRecordCompatibility.TestEdge" name="test_e005_flexbox" time="0.076" /><testcase classname="tests.generated.supplement.test_087_blockchain_record_compat.TestBlockchainRecordCompatibility.TestEdge" name="test_e006_grid" time="0.070" /><testcase classname="tests.generated.supplement.test_087_blockchain_record_compat.TestBlockchainRecordCompatibility.TestEdge" name="test_e007_scrollbar" time="0.094" /><testcase classname="tests.generated.supplement.test_087_blockchain_record_compat.TestBlockchainRecordCompatibility.TestSafari" name="test_s001_page_load" time="0.116" /><testcase classname="tests.generated.supplement.test_087_blockchain_record_compat.TestBlockchainRecordCompatibility.TestSafari" name="test_s002_layout_render" time="0.100" /><testcase classname="tests.generated.supplement.test_087_blockchain_record_compat.TestBlockchainRecordCompatibility.TestSafari" name="test_s003_css_styles" time="0.118" /><testcase classname="tests.generated.supplement.test_087_blockchain_record_compat.TestBlockchainRecordCompatibility.TestSafari" name="test_s004_js_exec" time="0.124" /><testcase classname="tests.generated.supplement.test_087_blockchain_record_compat.TestBlockchainRecordCompatibility.TestSafari" name="test_s005_flexbox" time="0.118" /><testcase classname="tests.generated.supplement.test_087_blockchain_record_compat.TestBlockchainRecordCompatibility.TestSafari" name="test_s006_grid" time="0.101" /><testcase classname="tests.generated.supplement.test_087_blockchain_record_compat.TestBlockchainRecordCompatibility.TestSafari" name="test_s007_scrollbar" time="0.089" /><testcase classname="tests.generated.supplement.test_087_blockchain_record_compat.TestBlockchainRecordCompatibility.TestChromeMobile" name="test_cm001_page_load" time="0.088" /><testcase classname="tests.generated.supplement.test_087_blockchain_record_compat.TestBlockchainRecordCompatibility.TestChromeMobile" name="test_cm002_layout_render" time="0.086" /><testcase classname="tests.generated.supplement.test_087_blockchain_record_compat.TestBlockchainRecordCompatibility.TestChromeMobile" name="test_cm003_css_styles" time="0.091" /><testcase classname="tests.generated.supplement.test_087_blockchain_record_compat.TestBlockchainRecordCompatibility.TestChromeMobile" name="test_cm004_js_exec" time="0.086" /><testcase classname="tests.generated.supplement.test_087_blockchain_record_compat.TestBlockchainRecordCompatibility.TestChromeMobile" name="test_cm005_flexbox" time="0.088" /><testcase classname="tests.generated.supplement.test_087_blockchain_record_compat.TestBlockchainRecordCompatibility.TestChromeMobile" name="test_cm006_grid" time="0.085" /><testcase classname="tests.generated.supplement.test_087_blockchain_record_compat.TestBlockchainRecordCompatibility.TestChromeMobile" name="test_cm007_scrollbar" time="0.092" /><testcase classname="tests.generated.supplement.test_087_blockchain_record_compat.TestBlockchainRecordCompatibility.TestFirefoxMobile" name="test_fm001_page_load" time="0.078" /><testcase classname="tests.generated.supplement.test_087_blockchain_record_compat.TestBlockchainRecordCompatibility.TestFirefoxMobile" name="test_fm002_layout_render" time="0.067" /><testcase classname="tests.generated.supplement.test_087_blockchain_record_compat.TestBlockchainRecordCompatibility.TestFirefoxMobile" name="test_fm003_css_styles" time="0.081" /><testcase classname="tests.generated.supplement.test_087_blockchain_record_compat.TestBlockchainRecordCompatibility.TestFirefoxMobile" name="test_fm004_js_exec" time="0.083" /><testcase classname="tests.generated.supplement.test_087_blockchain_record_compat.TestBlockchainRecordCompatibility.TestFirefoxMobile" name="test_fm005_flexbox" time="0.067" /><testcase classname="tests.generated.supplement.test_087_blockchain_record_compat.TestBlockchainRecordCompatibility.TestFirefoxMobile" name="test_fm006_grid" time="0.068" /><testcase classname="tests.generated.supplement.test_087_blockchain_record_compat.TestBlockchainRecordCompatibility.TestFirefoxMobile" name="test_fm007_scrollbar" time="0.071" /><testcase classname="tests.generated.supplement.test_087_blockchain_record_compat.TestBlockchainRecordCompatibility.TestSafariMobile" name="test_sm001_page_load" time="0.070" /><testcase classname="tests.generated.supplement.test_087_blockchain_record_compat.TestBlockchainRecordCompatibility.TestSafariMobile" name="test_sm002_layout_render" time="0.066" /><testcase classname="tests.generated.supplement.test_087_blockchain_record_compat.TestBlockchainRecordCompatibility.TestSafariMobile" name="test_sm003_css_styles" time="0.076" /><testcase classname="tests.generated.supplement.test_087_blockchain_record_compat.TestBlockchainRecordCompatibility.TestSafariMobile" name="test_sm004_js_exec" time="0.088" /><testcase classname="tests.generated.supplement.test_087_blockchain_record_compat.TestBlockchainRecordCompatibility.TestSafariMobile" name="test_sm005_flexbox" time="0.084" /><testcase classname="tests.generated.supplement.test_087_blockchain_record_compat.TestBlockchainRecordCompatibility.TestSafariMobile" name="test_sm006_grid" time="0.081" /><testcase classname="tests.generated.supplement.test_087_blockchain_record_compat.TestBlockchainRecordCompatibility.TestSafariMobile" name="test_sm007_scrollbar" time="0.104" /><testcase classname="tests.generated.supplement.test_088_simulator_device_compat.TestSimulatorDeviceCompatibility.TestChrome" name="test_c001_page_load" time="0.106" /><testcase classname="tests.generated.supplement.test_088_simulator_device_compat.TestSimulatorDeviceCompatibility.TestChrome" name="test_c002_layout_render" time="0.083" /><testcase classname="tests.generated.supplement.test_088_simulator_device_compat.TestSimulatorDeviceCompatibility.TestChrome" name="test_c003_css_styles" time="0.094" /><testcase classname="tests.generated.supplement.test_088_simulator_device_compat.TestSimulatorDeviceCompatibility.TestChrome" name="test_c004_js_exec" time="0.090" /><testcase classname="tests.generated.supplement.test_088_simulator_device_compat.TestSimulatorDeviceCompatibility.TestChrome" name="test_c005_flexbox" time="0.086" /><testcase classname="tests.generated.supplement.test_088_simulator_device_compat.TestSimulatorDeviceCompatibility.TestChrome" name="test_c006_grid" time="0.099" /><testcase classname="tests.generated.supplement.test_088_simulator_device_compat.TestSimulatorDeviceCompatibility.TestChrome" name="test_c007_scrollbar" time="0.094" /><testcase classname="tests.generated.supplement.test_088_simulator_device_compat.TestSimulatorDeviceCompatibility.TestFirefox" name="test_f001_page_load" time="0.099" /><testcase classname="tests.generated.supplement.test_088_simulator_device_compat.TestSimulatorDeviceCompatibility.TestFirefox" name="test_f002_layout_render" time="0.105" /><testcase classname="tests.generated.supplement.test_088_simulator_device_compat.TestSimulatorDeviceCompatibility.TestFirefox" name="test_f003_css_styles" time="0.105" /><testcase classname="tests.generated.supplement.test_088_simulator_device_compat.TestSimulatorDeviceCompatibility.TestFirefox" name="test_f004_js_exec" time="0.097" /><testcase classname="tests.generated.supplement.test_088_simulator_device_compat.TestSimulatorDeviceCompatibility.TestFirefox" name="test_f005_flexbox" time="0.101" /><testcase classname="tests.generated.supplement.test_088_simulator_device_compat.TestSimulatorDeviceCompatibility.TestFirefox" name="test_f006_grid" time="0.094" /><testcase classname="tests.generated.supplement.test_088_simulator_device_compat.TestSimulatorDeviceCompatibility.TestFirefox" name="test_f007_scrollbar" time="0.101" /><testcase classname="tests.generated.supplement.test_088_simulator_device_compat.TestSimulatorDeviceCompatibility.TestEdge" name="test_e001_page_load" time="0.114" /><testcase classname="tests.generated.supplement.test_088_simulator_device_compat.TestSimulatorDeviceCompatibility.TestEdge" name="test_e002_layout_render" time="0.105" /><testcase classname="tests.generated.supplement.test_088_simulator_device_compat.TestSimulatorDeviceCompatibility.TestEdge" name="test_e003_css_styles" time="0.098" /><testcase classname="tests.generated.supplement.test_088_simulator_device_compat.TestSimulatorDeviceCompatibility.TestEdge" name="test_e004_js_exec" time="0.090" /><testcase classname="tests.generated.supplement.test_088_simulator_device_compat.TestSimulatorDeviceCompatibility.TestEdge" name="test_e005_flexbox" time="0.088" /><testcase classname="tests.generated.supplement.test_088_simulator_device_compat.TestSimulatorDeviceCompatibility.TestEdge" name="test_e006_grid" time="0.095" /><testcase classname="tests.generated.supplement.test_088_simulator_device_compat.TestSimulatorDeviceCompatibility.TestEdge" name="test_e007_scrollbar" time="0.101" /><testcase classname="tests.generated.supplement.test_088_simulator_device_compat.TestSimulatorDeviceCompatibility.TestSafari" name="test_s001_page_load" time="0.110" /><testcase classname="tests.generated.supplement.test_088_simulator_device_compat.TestSimulatorDeviceCompatibility.TestSafari" name="test_s002_layout_render" time="0.106" /><testcase classname="tests.generated.supplement.test_088_simulator_device_compat.TestSimulatorDeviceCompatibility.TestSafari" name="test_s003_css_styles" time="0.112" /><testcase classname="tests.generated.supplement.test_088_simulator_device_compat.TestSimulatorDeviceCompatibility.TestSafari" name="test_s004_js_exec" time="0.092" /><testcase classname="tests.generated.supplement.test_088_simulator_device_compat.TestSimulatorDeviceCompatibility.TestSafari" name="test_s005_flexbox" time="0.096" /><testcase classname="tests.generated.supplement.test_088_simulator_device_compat.TestSimulatorDeviceCompatibility.TestSafari" name="test_s006_grid" time="0.097" /><testcase classname="tests.generated.supplement.test_088_simulator_device_compat.TestSimulatorDeviceCompatibility.TestSafari" name="test_s007_scrollbar" time="0.077" /><testcase classname="tests.generated.supplement.test_088_simulator_device_compat.TestSimulatorDeviceCompatibility.TestChromeMobile" name="test_cm001_page_load" time="0.075" /><testcase classname="tests.generated.supplement.test_088_simulator_device_compat.TestSimulatorDeviceCompatibility.TestChromeMobile" name="test_cm002_layout_render" time="0.071" /><testcase classname="tests.generated.supplement.test_088_simulator_device_compat.TestSimulatorDeviceCompatibility.TestChromeMobile" name="test_cm003_css_styles" time="0.074" /><testcase classname="tests.generated.supplement.test_088_simulator_device_compat.TestSimulatorDeviceCompatibility.TestChromeMobile" name="test_cm004_js_exec" time="0.071" /><testcase classname="tests.generated.supplement.test_088_simulator_device_compat.TestSimulatorDeviceCompatibility.TestChromeMobile" name="test_cm005_flexbox" time="0.073" /><testcase classname="tests.generated.supplement.test_088_simulator_device_compat.TestSimulatorDeviceCompatibility.TestChromeMobile" name="test_cm006_grid" time="0.069" /><testcase classname="tests.generated.supplement.test_088_simulator_device_compat.TestSimulatorDeviceCompatibility.TestChromeMobile" name="test_cm007_scrollbar" time="0.073" /><testcase classname="tests.generated.supplement.test_088_simulator_device_compat.TestSimulatorDeviceCompatibility.TestFirefoxMobile" name="test_fm001_page_load" time="0.072" /><testcase classname="tests.generated.supplement.test_088_simulator_device_compat.TestSimulatorDeviceCompatibility.TestFirefoxMobile" name="test_fm002_layout_render" time="0.088" /><testcase classname="tests.generated.supplement.test_088_simulator_device_compat.TestSimulatorDeviceCompatibility.TestFirefoxMobile" name="test_fm003_css_styles" time="0.093" /><testcase classname="tests.generated.supplement.test_088_simulator_device_compat.TestSimulatorDeviceCompatibility.TestFirefoxMobile" name="test_fm004_js_exec" time="0.095" /><testcase classname="tests.generated.supplement.test_088_simulator_device_compat.TestSimulatorDeviceCompatibility.TestFirefoxMobile" name="test_fm005_flexbox" time="0.086" /><testcase classname="tests.generated.supplement.test_088_simulator_device_compat.TestSimulatorDeviceCompatibility.TestFirefoxMobile" name="test_fm006_grid" time="0.108" /><testcase classname="tests.generated.supplement.test_088_simulator_device_compat.TestSimulatorDeviceCompatibility.TestFirefoxMobile" name="test_fm007_scrollbar" time="0.089" /><testcase classname="tests.generated.supplement.test_088_simulator_device_compat.TestSimulatorDeviceCompatibility.TestSafariMobile" name="test_sm001_page_load" time="0.109" /><testcase classname="tests.generated.supplement.test_088_simulator_device_compat.TestSimulatorDeviceCompatibility.TestSafariMobile" name="test_sm002_layout_render" time="0.110" /><testcase classname="tests.generated.supplement.test_088_simulator_device_compat.TestSimulatorDeviceCompatibility.TestSafariMobile" name="test_sm003_css_styles" time="0.101" /><testcase classname="tests.generated.supplement.test_088_simulator_device_compat.TestSimulatorDeviceCompatibility.TestSafariMobile" name="test_sm004_js_exec" time="0.100" /><testcase classname="tests.generated.supplement.test_088_simulator_device_compat.TestSimulatorDeviceCompatibility.TestSafariMobile" name="test_sm005_flexbox" time="0.101" /><testcase classname="tests.generated.supplement.test_088_simulator_device_compat.TestSimulatorDeviceCompatibility.TestSafariMobile" name="test_sm006_grid" time="0.104" /><testcase classname="tests.generated.supplement.test_088_simulator_device_compat.TestSimulatorDeviceCompatibility.TestSafariMobile" name="test_sm007_scrollbar" time="0.119" /><testcase classname="tests.generated.supplement.test_089_simulator_data_compat.TestSimulatorDataCompatibility.TestChrome" name="test_c001_page_load" time="0.106" /><testcase classname="tests.generated.supplement.test_089_simulator_data_compat.TestSimulatorDataCompatibility.TestChrome" name="test_c002_layout_render" time="0.085" /><testcase classname="tests.generated.supplement.test_089_simulator_data_compat.TestSimulatorDataCompatibility.TestChrome" name="test_c003_css_styles" time="0.110" /><testcase classname="tests.generated.supplement.test_089_simulator_data_compat.TestSimulatorDataCompatibility.TestChrome" name="test_c004_js_exec" time="0.094" /><testcase classname="tests.generated.supplement.test_089_simulator_data_compat.TestSimulatorDataCompatibility.TestChrome" name="test_c005_flexbox" time="0.087" /><testcase classname="tests.generated.supplement.test_089_simulator_data_compat.TestSimulatorDataCompatibility.TestChrome" name="test_c006_grid" time="0.086" /><testcase classname="tests.generated.supplement.test_089_simulator_data_compat.TestSimulatorDataCompatibility.TestChrome" name="test_c007_scrollbar" time="0.096" /><testcase classname="tests.generated.supplement.test_089_simulator_data_compat.TestSimulatorDataCompatibility.TestFirefox" name="test_f001_page_load" time="0.107" /><testcase classname="tests.generated.supplement.test_089_simulator_data_compat.TestSimulatorDataCompatibility.TestFirefox" name="test_f002_layout_render" time="0.094" /><testcase classname="tests.generated.supplement.test_089_simulator_data_compat.TestSimulatorDataCompatibility.TestFirefox" name="test_f003_css_styles" time="0.087" /><testcase classname="tests.generated.supplement.test_089_simulator_data_compat.TestSimulatorDataCompatibility.TestFirefox" name="test_f004_js_exec" time="0.092" /><testcase classname="tests.generated.supplement.test_089_simulator_data_compat.TestSimulatorDataCompatibility.TestFirefox" name="test_f005_flexbox" time="0.102" /><testcase classname="tests.generated.supplement.test_089_simulator_data_compat.TestSimulatorDataCompatibility.TestFirefox" name="test_f006_grid" time="0.079" /><testcase classname="tests.generated.supplement.test_089_simulator_data_compat.TestSimulatorDataCompatibility.TestFirefox" name="test_f007_scrollbar" time="0.097" /><testcase classname="tests.generated.supplement.test_089_simulator_data_compat.TestSimulatorDataCompatibility.TestEdge" name="test_e001_page_load" time="0.108" /><testcase classname="tests.generated.supplement.test_089_simulator_data_compat.TestSimulatorDataCompatibility.TestEdge" name="test_e002_layout_render" time="0.122" /><testcase classname="tests.generated.supplement.test_089_simulator_data_compat.TestSimulatorDataCompatibility.TestEdge" name="test_e003_css_styles" time="0.108" /><testcase classname="tests.generated.supplement.test_089_simulator_data_compat.TestSimulatorDataCompatibility.TestEdge" name="test_e004_js_exec" time="0.098" /><testcase classname="tests.generated.supplement.test_089_simulator_data_compat.TestSimulatorDataCompatibility.TestEdge" name="test_e005_flexbox" time="0.104" /><testcase classname="tests.generated.supplement.test_089_simulator_data_compat.TestSimulatorDataCompatibility.TestEdge" name="test_e006_grid" time="0.106" /><testcase classname="tests.generated.supplement.test_089_simulator_data_compat.TestSimulatorDataCompatibility.TestEdge" name="test_e007_scrollbar" time="0.101" /><testcase classname="tests.generated.supplement.test_089_simulator_data_compat.TestSimulatorDataCompatibility.TestSafari" name="test_s001_page_load" time="0.091" /><testcase classname="tests.generated.supplement.test_089_simulator_data_compat.TestSimulatorDataCompatibility.TestSafari" name="test_s002_layout_render" time="0.102" /><testcase classname="tests.generated.supplement.test_089_simulator_data_compat.TestSimulatorDataCompatibility.TestSafari" name="test_s003_css_styles" time="0.094" /><testcase classname="tests.generated.supplement.test_089_simulator_data_compat.TestSimulatorDataCompatibility.TestSafari" name="test_s004_js_exec" time="0.085" /><testcase classname="tests.generated.supplement.test_089_simulator_data_compat.TestSimulatorDataCompatibility.TestSafari" name="test_s005_flexbox" time="0.094" /><testcase classname="tests.generated.supplement.test_089_simulator_data_compat.TestSimulatorDataCompatibility.TestSafari" name="test_s006_grid" time="0.101" /><testcase classname="tests.generated.supplement.test_089_simulator_data_compat.TestSimulatorDataCompatibility.TestSafari" name="test_s007_scrollbar" time="0.106" /><testcase classname="tests.generated.supplement.test_089_simulator_data_compat.TestSimulatorDataCompatibility.TestChromeMobile" name="test_cm001_page_load" time="0.119" /><testcase classname="tests.generated.supplement.test_089_simulator_data_compat.TestSimulatorDataCompatibility.TestChromeMobile" name="test_cm002_layout_render" time="0.120" /><testcase classname="tests.generated.supplement.test_089_simulator_data_compat.TestSimulatorDataCompatibility.TestChromeMobile" name="test_cm003_css_styles" time="0.120" /><testcase classname="tests.generated.supplement.test_089_simulator_data_compat.TestSimulatorDataCompatibility.TestChromeMobile" name="test_cm004_js_exec" time="0.101" /><testcase classname="tests.generated.supplement.test_089_simulator_data_compat.TestSimulatorDataCompatibility.TestChromeMobile" name="test_cm005_flexbox" time="0.117" /><testcase classname="tests.generated.supplement.test_089_simulator_data_compat.TestSimulatorDataCompatibility.TestChromeMobile" name="test_cm006_grid" time="0.163" /><testcase classname="tests.generated.supplement.test_089_simulator_data_compat.TestSimulatorDataCompatibility.TestChromeMobile" name="test_cm007_scrollbar" time="0.164" /><testcase classname="tests.generated.supplement.test_089_simulator_data_compat.TestSimulatorDataCompatibility.TestFirefoxMobile" name="test_fm001_page_load" time="0.101" /><testcase classname="tests.generated.supplement.test_089_simulator_data_compat.TestSimulatorDataCompatibility.TestFirefoxMobile" name="test_fm002_layout_render" time="0.096" /><testcase classname="tests.generated.supplement.test_089_simulator_data_compat.TestSimulatorDataCompatibility.TestFirefoxMobile" name="test_fm003_css_styles" time="0.105" /><testcase classname="tests.generated.supplement.test_089_simulator_data_compat.TestSimulatorDataCompatibility.TestFirefoxMobile" name="test_fm004_js_exec" time="0.109" /><testcase classname="tests.generated.supplement.test_089_simulator_data_compat.TestSimulatorDataCompatibility.TestFirefoxMobile" name="test_fm005_flexbox" time="0.096" /><testcase classname="tests.generated.supplement.test_089_simulator_data_compat.TestSimulatorDataCompatibility.TestFirefoxMobile" name="test_fm006_grid" time="0.093" /><testcase classname="tests.generated.supplement.test_089_simulator_data_compat.TestSimulatorDataCompatibility.TestFirefoxMobile" name="test_fm007_scrollbar" time="0.088" /><testcase classname="tests.generated.supplement.test_089_simulator_data_compat.TestSimulatorDataCompatibility.TestSafariMobile" name="test_sm001_page_load" time="0.085" /><testcase classname="tests.generated.supplement.test_089_simulator_data_compat.TestSimulatorDataCompatibility.TestSafariMobile" name="test_sm002_layout_render" time="0.106" /><testcase classname="tests.generated.supplement.test_089_simulator_data_compat.TestSimulatorDataCompatibility.TestSafariMobile" name="test_sm003_css_styles" time="0.097" /><testcase classname="tests.generated.supplement.test_089_simulator_data_compat.TestSimulatorDataCompatibility.TestSafariMobile" name="test_sm004_js_exec" time="0.113" /><testcase classname="tests.generated.supplement.test_089_simulator_data_compat.TestSimulatorDataCompatibility.TestSafariMobile" name="test_sm005_flexbox" time="0.143" /><testcase classname="tests.generated.supplement.test_089_simulator_data_compat.TestSimulatorDataCompatibility.TestSafariMobile" name="test_sm006_grid" time="0.097" /><testcase classname="tests.generated.supplement.test_089_simulator_data_compat.TestSimulatorDataCompatibility.TestSafariMobile" name="test_sm007_scrollbar" time="0.090" /><testcase classname="tests.generated.supplement.test_090_simulator_session_compat.TestSimulatorSessionCompatibility.TestChrome" name="test_c001_page_load" time="0.078" /><testcase classname="tests.generated.supplement.test_090_simulator_session_compat.TestSimulatorSessionCompatibility.TestChrome" name="test_c002_layout_render" time="0.068" /><testcase classname="tests.generated.supplement.test_090_simulator_session_compat.TestSimulatorSessionCompatibility.TestChrome" name="test_c003_css_styles" time="0.068" /><testcase classname="tests.generated.supplement.test_090_simulator_session_compat.TestSimulatorSessionCompatibility.TestChrome" name="test_c004_js_exec" time="0.074" /><testcase classname="tests.generated.supplement.test_090_simulator_session_compat.TestSimulatorSessionCompatibility.TestChrome" name="test_c005_flexbox" time="0.094" /><testcase classname="tests.generated.supplement.test_090_simulator_session_compat.TestSimulatorSessionCompatibility.TestChrome" name="test_c006_grid" time="0.102" /><testcase classname="tests.generated.supplement.test_090_simulator_session_compat.TestSimulatorSessionCompatibility.TestChrome" name="test_c007_scrollbar" time="0.126" /><testcase classname="tests.generated.supplement.test_090_simulator_session_compat.TestSimulatorSessionCompatibility.TestFirefox" name="test_f001_page_load" time="0.133" /><testcase classname="tests.generated.supplement.test_090_simulator_session_compat.TestSimulatorSessionCompatibility.TestFirefox" name="test_f002_layout_render" time="0.088" /><testcase classname="tests.generated.supplement.test_090_simulator_session_compat.TestSimulatorSessionCompatibility.TestFirefox" name="test_f003_css_styles" time="0.103" /><testcase classname="tests.generated.supplement.test_090_simulator_session_compat.TestSimulatorSessionCompatibility.TestFirefox" name="test_f004_js_exec" time="0.103" /><testcase classname="tests.generated.supplement.test_090_simulator_session_compat.TestSimulatorSessionCompatibility.TestFirefox" name="test_f005_flexbox" time="0.083" /><testcase classname="tests.generated.supplement.test_090_simulator_session_compat.TestSimulatorSessionCompatibility.TestFirefox" name="test_f006_grid" time="0.069" /><testcase classname="tests.generated.supplement.test_090_simulator_session_compat.TestSimulatorSessionCompatibility.TestFirefox" name="test_f007_scrollbar" time="0.101" /><testcase classname="tests.generated.supplement.test_090_simulator_session_compat.TestSimulatorSessionCompatibility.TestEdge" name="test_e001_page_load" time="0.094" /><testcase classname="tests.generated.supplement.test_090_simulator_session_compat.TestSimulatorSessionCompatibility.TestEdge" name="test_e002_layout_render" time="0.084" /><testcase classname="tests.generated.supplement.test_090_simulator_session_compat.TestSimulatorSessionCompatibility.TestEdge" name="test_e003_css_styles" time="0.098" /><testcase classname="tests.generated.supplement.test_090_simulator_session_compat.TestSimulatorSessionCompatibility.TestEdge" name="test_e004_js_exec" time="0.080" /><testcase classname="tests.generated.supplement.test_090_simulator_session_compat.TestSimulatorSessionCompatibility.TestEdge" name="test_e005_flexbox" time="0.063" /><testcase classname="tests.generated.supplement.test_090_simulator_session_compat.TestSimulatorSessionCompatibility.TestEdge" name="test_e006_grid" time="0.072" /><testcase classname="tests.generated.supplement.test_090_simulator_session_compat.TestSimulatorSessionCompatibility.TestEdge" name="test_e007_scrollbar" time="0.067" /><testcase classname="tests.generated.supplement.test_090_simulator_session_compat.TestSimulatorSessionCompatibility.TestSafari" name="test_s001_page_load" time="0.123" /><testcase classname="tests.generated.supplement.test_090_simulator_session_compat.TestSimulatorSessionCompatibility.TestSafari" name="test_s002_layout_render" time="0.135" /><testcase classname="tests.generated.supplement.test_090_simulator_session_compat.TestSimulatorSessionCompatibility.TestSafari" name="test_s003_css_styles" time="0.129" /><testcase classname="tests.generated.supplement.test_090_simulator_session_compat.TestSimulatorSessionCompatibility.TestSafari" name="test_s004_js_exec" time="0.123" /><testcase classname="tests.generated.supplement.test_090_simulator_session_compat.TestSimulatorSessionCompatibility.TestSafari" name="test_s005_flexbox" time="0.103" /><testcase classname="tests.generated.supplement.test_090_simulator_session_compat.TestSimulatorSessionCompatibility.TestSafari" name="test_s006_grid" time="0.092" /><testcase classname="tests.generated.supplement.test_090_simulator_session_compat.TestSimulatorSessionCompatibility.TestSafari" name="test_s007_scrollbar" time="0.070" /><testcase classname="tests.generated.supplement.test_090_simulator_session_compat.TestSimulatorSessionCompatibility.TestChromeMobile" name="test_cm001_page_load" time="0.080" /><testcase classname="tests.generated.supplement.test_090_simulator_session_compat.TestSimulatorSessionCompatibility.TestChromeMobile" name="test_cm002_layout_render" time="0.088" /><testcase classname="tests.generated.supplement.test_090_simulator_session_compat.TestSimulatorSessionCompatibility.TestChromeMobile" name="test_cm003_css_styles" time="0.089" /><testcase classname="tests.generated.supplement.test_090_simulator_session_compat.TestSimulatorSessionCompatibility.TestChromeMobile" name="test_cm004_js_exec" time="0.087" /><testcase classname="tests.generated.supplement.test_090_simulator_session_compat.TestSimulatorSessionCompatibility.TestChromeMobile" name="test_cm005_flexbox" time="0.086" /><testcase classname="tests.generated.supplement.test_090_simulator_session_compat.TestSimulatorSessionCompatibility.TestChromeMobile" name="test_cm006_grid" time="0.093" /><testcase classname="tests.generated.supplement.test_090_simulator_session_compat.TestSimulatorSessionCompatibility.TestChromeMobile" name="test_cm007_scrollbar" time="0.133" /><testcase classname="tests.generated.supplement.test_090_simulator_session_compat.TestSimulatorSessionCompatibility.TestFirefoxMobile" name="test_fm001_page_load" time="0.110" /><testcase classname="tests.generated.supplement.test_090_simulator_session_compat.TestSimulatorSessionCompatibility.TestFirefoxMobile" name="test_fm002_layout_render" time="0.101" /><testcase classname="tests.generated.supplement.test_090_simulator_session_compat.TestSimulatorSessionCompatibility.TestFirefoxMobile" name="test_fm003_css_styles" time="0.099" /><testcase classname="tests.generated.supplement.test_090_simulator_session_compat.TestSimulatorSessionCompatibility.TestFirefoxMobile" name="test_fm004_js_exec" time="0.086" /><testcase classname="tests.generated.supplement.test_090_simulator_session_compat.TestSimulatorSessionCompatibility.TestFirefoxMobile" name="test_fm005_flexbox" time="0.079" /><testcase classname="tests.generated.supplement.test_090_simulator_session_compat.TestSimulatorSessionCompatibility.TestFirefoxMobile" name="test_fm006_grid" time="0.089" /><testcase classname="tests.generated.supplement.test_090_simulator_session_compat.TestSimulatorSessionCompatibility.TestFirefoxMobile" name="test_fm007_scrollbar" time="0.096" /><testcase classname="tests.generated.supplement.test_090_simulator_session_compat.TestSimulatorSessionCompatibility.TestSafariMobile" name="test_sm001_page_load" time="0.111" /><testcase classname="tests.generated.supplement.test_090_simulator_session_compat.TestSimulatorSessionCompatibility.TestSafariMobile" name="test_sm002_layout_render" time="0.096" /><testcase classname="tests.generated.supplement.test_090_simulator_session_compat.TestSimulatorSessionCompatibility.TestSafariMobile" name="test_sm003_css_styles" time="0.109" /><testcase classname="tests.generated.supplement.test_090_simulator_session_compat.TestSimulatorSessionCompatibility.TestSafariMobile" name="test_sm004_js_exec" time="0.135" /><testcase classname="tests.generated.supplement.test_090_simulator_session_compat.TestSimulatorSessionCompatibility.TestSafariMobile" name="test_sm005_flexbox" time="0.126" /><testcase classname="tests.generated.supplement.test_090_simulator_session_compat.TestSimulatorSessionCompatibility.TestSafariMobile" name="test_sm006_grid" time="0.095" /><testcase classname="tests.generated.supplement.test_090_simulator_session_compat.TestSimulatorSessionCompatibility.TestSafariMobile" name="test_sm007_scrollbar" time="0.104" /><testcase classname="tests.generated.supplement.test_091_ingestion_mqtt_compat.TestIngestionMqttCompatibility.TestChrome" name="test_c001_page_load" time="0.114" /><testcase classname="tests.generated.supplement.test_091_ingestion_mqtt_compat.TestIngestionMqttCompatibility.TestChrome" name="test_c002_layout_render" time="0.096" /><testcase classname="tests.generated.supplement.test_091_ingestion_mqtt_compat.TestIngestionMqttCompatibility.TestChrome" name="test_c003_css_styles" time="0.108" /><testcase classname="tests.generated.supplement.test_091_ingestion_mqtt_compat.TestIngestionMqttCompatibility.TestChrome" name="test_c004_js_exec" time="0.099" /><testcase classname="tests.generated.supplement.test_091_ingestion_mqtt_compat.TestIngestionMqttCompatibility.TestChrome" name="test_c005_flexbox" time="0.092" /><testcase classname="tests.generated.supplement.test_091_ingestion_mqtt_compat.TestIngestionMqttCompatibility.TestChrome" name="test_c006_grid" time="0.088" /><testcase classname="tests.generated.supplement.test_091_ingestion_mqtt_compat.TestIngestionMqttCompatibility.TestChrome" name="test_c007_scrollbar" time="0.086" /><testcase classname="tests.generated.supplement.test_091_ingestion_mqtt_compat.TestIngestionMqttCompatibility.TestFirefox" name="test_f001_page_load" time="0.072" /><testcase classname="tests.generated.supplement.test_091_ingestion_mqtt_compat.TestIngestionMqttCompatibility.TestFirefox" name="test_f002_layout_render" time="0.098" /><testcase classname="tests.generated.supplement.test_091_ingestion_mqtt_compat.TestIngestionMqttCompatibility.TestFirefox" name="test_f003_css_styles" time="0.091" /><testcase classname="tests.generated.supplement.test_091_ingestion_mqtt_compat.TestIngestionMqttCompatibility.TestFirefox" name="test_f004_js_exec" time="0.080" /><testcase classname="tests.generated.supplement.test_091_ingestion_mqtt_compat.TestIngestionMqttCompatibility.TestFirefox" name="test_f005_flexbox" time="0.067" /><testcase classname="tests.generated.supplement.test_091_ingestion_mqtt_compat.TestIngestionMqttCompatibility.TestFirefox" name="test_f006_grid" time="0.085" /><testcase classname="tests.generated.supplement.test_091_ingestion_mqtt_compat.TestIngestionMqttCompatibility.TestFirefox" name="test_f007_scrollbar" time="0.077" /><testcase classname="tests.generated.supplement.test_091_ingestion_mqtt_compat.TestIngestionMqttCompatibility.TestEdge" name="test_e001_page_load" time="0.101" /><testcase classname="tests.generated.supplement.test_091_ingestion_mqtt_compat.TestIngestionMqttCompatibility.TestEdge" name="test_e002_layout_render" time="0.083" /><testcase classname="tests.generated.supplement.test_091_ingestion_mqtt_compat.TestIngestionMqttCompatibility.TestEdge" name="test_e003_css_styles" time="0.074" /><testcase classname="tests.generated.supplement.test_091_ingestion_mqtt_compat.TestIngestionMqttCompatibility.TestEdge" name="test_e004_js_exec" time="0.068" /><testcase classname="tests.generated.supplement.test_091_ingestion_mqtt_compat.TestIngestionMqttCompatibility.TestEdge" name="test_e005_flexbox" time="0.064" /><testcase classname="tests.generated.supplement.test_091_ingestion_mqtt_compat.TestIngestionMqttCompatibility.TestEdge" name="test_e006_grid" time="0.081" /><testcase classname="tests.generated.supplement.test_091_ingestion_mqtt_compat.TestIngestionMqttCompatibility.TestEdge" name="test_e007_scrollbar" time="0.071" /><testcase classname="tests.generated.supplement.test_091_ingestion_mqtt_compat.TestIngestionMqttCompatibility.TestSafari" name="test_s001_page_load" time="0.080" /><testcase classname="tests.generated.supplement.test_091_ingestion_mqtt_compat.TestIngestionMqttCompatibility.TestSafari" name="test_s002_layout_render" time="0.078" /><testcase classname="tests.generated.supplement.test_091_ingestion_mqtt_compat.TestIngestionMqttCompatibility.TestSafari" name="test_s003_css_styles" time="0.086" /><testcase classname="tests.generated.supplement.test_091_ingestion_mqtt_compat.TestIngestionMqttCompatibility.TestSafari" name="test_s004_js_exec" time="0.096" /><testcase classname="tests.generated.supplement.test_091_ingestion_mqtt_compat.TestIngestionMqttCompatibility.TestSafari" name="test_s005_flexbox" time="0.114" /><testcase classname="tests.generated.supplement.test_091_ingestion_mqtt_compat.TestIngestionMqttCompatibility.TestSafari" name="test_s006_grid" time="0.106" /><testcase classname="tests.generated.supplement.test_091_ingestion_mqtt_compat.TestIngestionMqttCompatibility.TestSafari" name="test_s007_scrollbar" time="0.090" /><testcase classname="tests.generated.supplement.test_091_ingestion_mqtt_compat.TestIngestionMqttCompatibility.TestChromeMobile" name="test_cm001_page_load" time="0.070" /><testcase classname="tests.generated.supplement.test_091_ingestion_mqtt_compat.TestIngestionMqttCompatibility.TestChromeMobile" name="test_cm002_layout_render" time="0.066" /><testcase classname="tests.generated.supplement.test_091_ingestion_mqtt_compat.TestIngestionMqttCompatibility.TestChromeMobile" name="test_cm003_css_styles" time="0.061" /><testcase classname="tests.generated.supplement.test_091_ingestion_mqtt_compat.TestIngestionMqttCompatibility.TestChromeMobile" name="test_cm004_js_exec" time="0.091" /><testcase classname="tests.generated.supplement.test_091_ingestion_mqtt_compat.TestIngestionMqttCompatibility.TestChromeMobile" name="test_cm005_flexbox" time="0.110" /><testcase classname="tests.generated.supplement.test_091_ingestion_mqtt_compat.TestIngestionMqttCompatibility.TestChromeMobile" name="test_cm006_grid" time="0.111" /><testcase classname="tests.generated.supplement.test_091_ingestion_mqtt_compat.TestIngestionMqttCompatibility.TestChromeMobile" name="test_cm007_scrollbar" time="0.142" /><testcase classname="tests.generated.supplement.test_091_ingestion_mqtt_compat.TestIngestionMqttCompatibility.TestFirefoxMobile" name="test_fm001_page_load" time="0.124" /><testcase classname="tests.generated.supplement.test_091_ingestion_mqtt_compat.TestIngestionMqttCompatibility.TestFirefoxMobile" name="test_fm002_layout_render" time="0.123" /><testcase classname="tests.generated.supplement.test_091_ingestion_mqtt_compat.TestIngestionMqttCompatibility.TestFirefoxMobile" name="test_fm003_css_styles" time="0.120" /><testcase classname="tests.generated.supplement.test_091_ingestion_mqtt_compat.TestIngestionMqttCompatibility.TestFirefoxMobile" name="test_fm004_js_exec" time="0.101" /><testcase classname="tests.generated.supplement.test_091_ingestion_mqtt_compat.TestIngestionMqttCompatibility.TestFirefoxMobile" name="test_fm005_flexbox" time="0.082" /><testcase classname="tests.generated.supplement.test_091_ingestion_mqtt_compat.TestIngestionMqttCompatibility.TestFirefoxMobile" name="test_fm006_grid" time="0.087" /><testcase classname="tests.generated.supplement.test_091_ingestion_mqtt_compat.TestIngestionMqttCompatibility.TestFirefoxMobile" name="test_fm007_scrollbar" time="0.091" /><testcase classname="tests.generated.supplement.test_091_ingestion_mqtt_compat.TestIngestionMqttCompatibility.TestSafariMobile" name="test_sm001_page_load" time="0.112" /><testcase classname="tests.generated.supplement.test_091_ingestion_mqtt_compat.TestIngestionMqttCompatibility.TestSafariMobile" name="test_sm002_layout_render" time="0.104" /><testcase classname="tests.generated.supplement.test_091_ingestion_mqtt_compat.TestIngestionMqttCompatibility.TestSafariMobile" name="test_sm003_css_styles" time="0.105" /><testcase classname="tests.generated.supplement.test_091_ingestion_mqtt_compat.TestIngestionMqttCompatibility.TestSafariMobile" name="test_sm004_js_exec" time="0.112" /><testcase classname="tests.generated.supplement.test_091_ingestion_mqtt_compat.TestIngestionMqttCompatibility.TestSafariMobile" name="test_sm005_flexbox" time="0.105" /><testcase classname="tests.generated.supplement.test_091_ingestion_mqtt_compat.TestIngestionMqttCompatibility.TestSafariMobile" name="test_sm006_grid" time="0.091" /><testcase classname="tests.generated.supplement.test_091_ingestion_mqtt_compat.TestIngestionMqttCompatibility.TestSafariMobile" name="test_sm007_scrollbar" time="0.097" /><testcase classname="tests.generated.supplement.test_092_ingestion_batch_compat.TestIngestionBatchCompatibility.TestChrome" name="test_c001_page_load" time="0.086" /><testcase classname="tests.generated.supplement.test_092_ingestion_batch_compat.TestIngestionBatchCompatibility.TestChrome" name="test_c002_layout_render" time="0.101" /><testcase classname="tests.generated.supplement.test_092_ingestion_batch_compat.TestIngestionBatchCompatibility.TestChrome" name="test_c003_css_styles" time="0.131" /><testcase classname="tests.generated.supplement.test_092_ingestion_batch_compat.TestIngestionBatchCompatibility.TestChrome" name="test_c004_js_exec" time="0.121" /><testcase classname="tests.generated.supplement.test_092_ingestion_batch_compat.TestIngestionBatchCompatibility.TestChrome" name="test_c005_flexbox" time="0.111" /><testcase classname="tests.generated.supplement.test_092_ingestion_batch_compat.TestIngestionBatchCompatibility.TestChrome" name="test_c006_grid" time="0.120" /><testcase classname="tests.generated.supplement.test_092_ingestion_batch_compat.TestIngestionBatchCompatibility.TestChrome" name="test_c007_scrollbar" time="0.093" /><testcase classname="tests.generated.supplement.test_092_ingestion_batch_compat.TestIngestionBatchCompatibility.TestFirefox" name="test_f001_page_load" time="0.095" /><testcase classname="tests.generated.supplement.test_092_ingestion_batch_compat.TestIngestionBatchCompatibility.TestFirefox" name="test_f002_layout_render" time="0.102" /><testcase classname="tests.generated.supplement.test_092_ingestion_batch_compat.TestIngestionBatchCompatibility.TestFirefox" name="test_f003_css_styles" time="0.097" /><testcase classname="tests.generated.supplement.test_092_ingestion_batch_compat.TestIngestionBatchCompatibility.TestFirefox" name="test_f004_js_exec" time="0.110" /><testcase classname="tests.generated.supplement.test_092_ingestion_batch_compat.TestIngestionBatchCompatibility.TestFirefox" name="test_f005_flexbox" time="0.129" /><testcase classname="tests.generated.supplement.test_092_ingestion_batch_compat.TestIngestionBatchCompatibility.TestFirefox" name="test_f006_grid" time="0.125" /><testcase classname="tests.generated.supplement.test_092_ingestion_batch_compat.TestIngestionBatchCompatibility.TestFirefox" name="test_f007_scrollbar" time="0.120" /><testcase classname="tests.generated.supplement.test_092_ingestion_batch_compat.TestIngestionBatchCompatibility.TestEdge" name="test_e001_page_load" time="0.120" /><testcase classname="tests.generated.supplement.test_092_ingestion_batch_compat.TestIngestionBatchCompatibility.TestEdge" name="test_e002_layout_render" time="0.116" /><testcase classname="tests.generated.supplement.test_092_ingestion_batch_compat.TestIngestionBatchCompatibility.TestEdge" name="test_e003_css_styles" time="0.103" /><testcase classname="tests.generated.supplement.test_092_ingestion_batch_compat.TestIngestionBatchCompatibility.TestEdge" name="test_e004_js_exec" time="0.099" /><testcase classname="tests.generated.supplement.test_092_ingestion_batch_compat.TestIngestionBatchCompatibility.TestEdge" name="test_e005_flexbox" time="0.102" /><testcase classname="tests.generated.supplement.test_092_ingestion_batch_compat.TestIngestionBatchCompatibility.TestEdge" name="test_e006_grid" time="0.121" /><testcase classname="tests.generated.supplement.test_092_ingestion_batch_compat.TestIngestionBatchCompatibility.TestEdge" name="test_e007_scrollbar" time="0.108" /><testcase classname="tests.generated.supplement.test_092_ingestion_batch_compat.TestIngestionBatchCompatibility.TestSafari" name="test_s001_page_load" time="0.128" /><testcase classname="tests.generated.supplement.test_092_ingestion_batch_compat.TestIngestionBatchCompatibility.TestSafari" name="test_s002_layout_render" time="0.139" /><testcase classname="tests.generated.supplement.test_092_ingestion_batch_compat.TestIngestionBatchCompatibility.TestSafari" name="test_s003_css_styles" time="0.112" /><testcase classname="tests.generated.supplement.test_092_ingestion_batch_compat.TestIngestionBatchCompatibility.TestSafari" name="test_s004_js_exec" time="0.094" /><testcase classname="tests.generated.supplement.test_092_ingestion_batch_compat.TestIngestionBatchCompatibility.TestSafari" name="test_s005_flexbox" time="0.090" /><testcase classname="tests.generated.supplement.test_092_ingestion_batch_compat.TestIngestionBatchCompatibility.TestSafari" name="test_s006_grid" time="0.104" /><testcase classname="tests.generated.supplement.test_092_ingestion_batch_compat.TestIngestionBatchCompatibility.TestSafari" name="test_s007_scrollbar" time="0.094" /><testcase classname="tests.generated.supplement.test_092_ingestion_batch_compat.TestIngestionBatchCompatibility.TestChromeMobile" name="test_cm001_page_load" time="0.112" /><testcase classname="tests.generated.supplement.test_092_ingestion_batch_compat.TestIngestionBatchCompatibility.TestChromeMobile" name="test_cm002_layout_render" time="0.136" /><testcase classname="tests.generated.supplement.test_092_ingestion_batch_compat.TestIngestionBatchCompatibility.TestChromeMobile" name="test_cm003_css_styles" time="0.118" /><testcase classname="tests.generated.supplement.test_092_ingestion_batch_compat.TestIngestionBatchCompatibility.TestChromeMobile" name="test_cm004_js_exec" time="0.096" /><testcase classname="tests.generated.supplement.test_092_ingestion_batch_compat.TestIngestionBatchCompatibility.TestChromeMobile" name="test_cm005_flexbox" time="0.104" /><testcase classname="tests.generated.supplement.test_092_ingestion_batch_compat.TestIngestionBatchCompatibility.TestChromeMobile" name="test_cm006_grid" time="0.101" /><testcase classname="tests.generated.supplement.test_092_ingestion_batch_compat.TestIngestionBatchCompatibility.TestChromeMobile" name="test_cm007_scrollbar" time="0.090" /><testcase classname="tests.generated.supplement.test_092_ingestion_batch_compat.TestIngestionBatchCompatibility.TestFirefoxMobile" name="test_fm001_page_load" time="0.113" /><testcase classname="tests.generated.supplement.test_092_ingestion_batch_compat.TestIngestionBatchCompatibility.TestFirefoxMobile" name="test_fm002_layout_render" time="0.122" /><testcase classname="tests.generated.supplement.test_092_ingestion_batch_compat.TestIngestionBatchCompatibility.TestFirefoxMobile" name="test_fm003_css_styles" time="0.108" /><testcase classname="tests.generated.supplement.test_092_ingestion_batch_compat.TestIngestionBatchCompatibility.TestFirefoxMobile" name="test_fm004_js_exec" time="0.120" /><testcase classname="tests.generated.supplement.test_092_ingestion_batch_compat.TestIngestionBatchCompatibility.TestFirefoxMobile" name="test_fm005_flexbox" time="0.116" /><testcase classname="tests.generated.supplement.test_092_ingestion_batch_compat.TestIngestionBatchCompatibility.TestFirefoxMobile" name="test_fm006_grid" time="0.101" /><testcase classname="tests.generated.supplement.test_092_ingestion_batch_compat.TestIngestionBatchCompatibility.TestFirefoxMobile" name="test_fm007_scrollbar" time="0.087" /><testcase classname="tests.generated.supplement.test_092_ingestion_batch_compat.TestIngestionBatchCompatibility.TestSafariMobile" name="test_sm001_page_load" time="0.082" /><testcase classname="tests.generated.supplement.test_092_ingestion_batch_compat.TestIngestionBatchCompatibility.TestSafariMobile" name="test_sm002_layout_render" time="0.082" /><testcase classname="tests.generated.supplement.test_092_ingestion_batch_compat.TestIngestionBatchCompatibility.TestSafariMobile" name="test_sm003_css_styles" time="0.076" /><testcase classname="tests.generated.supplement.test_092_ingestion_batch_compat.TestIngestionBatchCompatibility.TestSafariMobile" name="test_sm004_js_exec" time="0.076" /><testcase classname="tests.generated.supplement.test_092_ingestion_batch_compat.TestIngestionBatchCompatibility.TestSafariMobile" name="test_sm005_flexbox" time="0.089" /><testcase classname="tests.generated.supplement.test_092_ingestion_batch_compat.TestIngestionBatchCompatibility.TestSafariMobile" name="test_sm006_grid" time="0.103" /><testcase classname="tests.generated.supplement.test_092_ingestion_batch_compat.TestIngestionBatchCompatibility.TestSafariMobile" name="test_sm007_scrollbar" time="0.097" /><testcase classname="tests.generated.supplement.test_093_ingestion_config_compat.TestIngestionConfigCompatibility.TestChrome" name="test_c001_page_load" time="0.098" /><testcase classname="tests.generated.supplement.test_093_ingestion_config_compat.TestIngestionConfigCompatibility.TestChrome" name="test_c002_layout_render" time="0.085" /><testcase classname="tests.generated.supplement.test_093_ingestion_config_compat.TestIngestionConfigCompatibility.TestChrome" name="test_c003_css_styles" time="0.079" /><testcase classname="tests.generated.supplement.test_093_ingestion_config_compat.TestIngestionConfigCompatibility.TestChrome" name="test_c004_js_exec" time="0.075" /><testcase classname="tests.generated.supplement.test_093_ingestion_config_compat.TestIngestionConfigCompatibility.TestChrome" name="test_c005_flexbox" time="0.076" /><testcase classname="tests.generated.supplement.test_093_ingestion_config_compat.TestIngestionConfigCompatibility.TestChrome" name="test_c006_grid" time="0.081" /><testcase classname="tests.generated.supplement.test_093_ingestion_config_compat.TestIngestionConfigCompatibility.TestChrome" name="test_c007_scrollbar" time="0.091" /><testcase classname="tests.generated.supplement.test_093_ingestion_config_compat.TestIngestionConfigCompatibility.TestFirefox" name="test_f001_page_load" time="0.094" /><testcase classname="tests.generated.supplement.test_093_ingestion_config_compat.TestIngestionConfigCompatibility.TestFirefox" name="test_f002_layout_render" time="0.083" /><testcase classname="tests.generated.supplement.test_093_ingestion_config_compat.TestIngestionConfigCompatibility.TestFirefox" name="test_f003_css_styles" time="0.094" /><testcase classname="tests.generated.supplement.test_093_ingestion_config_compat.TestIngestionConfigCompatibility.TestFirefox" name="test_f004_js_exec" time="0.088" /><testcase classname="tests.generated.supplement.test_093_ingestion_config_compat.TestIngestionConfigCompatibility.TestFirefox" name="test_f005_flexbox" time="0.083" /><testcase classname="tests.generated.supplement.test_093_ingestion_config_compat.TestIngestionConfigCompatibility.TestFirefox" name="test_f006_grid" time="0.084" /><testcase classname="tests.generated.supplement.test_093_ingestion_config_compat.TestIngestionConfigCompatibility.TestFirefox" name="test_f007_scrollbar" time="0.095" /><testcase classname="tests.generated.supplement.test_093_ingestion_config_compat.TestIngestionConfigCompatibility.TestEdge" name="test_e001_page_load" time="0.099" /><testcase classname="tests.generated.supplement.test_093_ingestion_config_compat.TestIngestionConfigCompatibility.TestEdge" name="test_e002_layout_render" time="0.081" /><testcase classname="tests.generated.supplement.test_093_ingestion_config_compat.TestIngestionConfigCompatibility.TestEdge" name="test_e003_css_styles" time="0.086" /><testcase classname="tests.generated.supplement.test_093_ingestion_config_compat.TestIngestionConfigCompatibility.TestEdge" name="test_e004_js_exec" time="0.100" /><testcase classname="tests.generated.supplement.test_093_ingestion_config_compat.TestIngestionConfigCompatibility.TestEdge" name="test_e005_flexbox" time="0.106" /><testcase classname="tests.generated.supplement.test_093_ingestion_config_compat.TestIngestionConfigCompatibility.TestEdge" name="test_e006_grid" time="0.099" /><testcase classname="tests.generated.supplement.test_093_ingestion_config_compat.TestIngestionConfigCompatibility.TestEdge" name="test_e007_scrollbar" time="0.130" /><testcase classname="tests.generated.supplement.test_093_ingestion_config_compat.TestIngestionConfigCompatibility.TestSafari" name="test_s001_page_load" time="0.096" /><testcase classname="tests.generated.supplement.test_093_ingestion_config_compat.TestIngestionConfigCompatibility.TestSafari" name="test_s002_layout_render" time="0.093" /><testcase classname="tests.generated.supplement.test_093_ingestion_config_compat.TestIngestionConfigCompatibility.TestSafari" name="test_s003_css_styles" time="0.381" /><testcase classname="tests.generated.supplement.test_093_ingestion_config_compat.TestIngestionConfigCompatibility.TestSafari" name="test_s004_js_exec" time="0.495" /><testcase classname="tests.generated.supplement.test_093_ingestion_config_compat.TestIngestionConfigCompatibility.TestSafari" name="test_s005_flexbox" time="0.136" /><testcase classname="tests.generated.supplement.test_093_ingestion_config_compat.TestIngestionConfigCompatibility.TestSafari" name="test_s006_grid" time="0.131" /><testcase classname="tests.generated.supplement.test_093_ingestion_config_compat.TestIngestionConfigCompatibility.TestSafari" name="test_s007_scrollbar" time="0.131" /><testcase classname="tests.generated.supplement.test_093_ingestion_config_compat.TestIngestionConfigCompatibility.TestChromeMobile" name="test_cm001_page_load" time="0.124" /><testcase classname="tests.generated.supplement.test_093_ingestion_config_compat.TestIngestionConfigCompatibility.TestChromeMobile" name="test_cm002_layout_render" time="0.082" /><testcase classname="tests.generated.supplement.test_093_ingestion_config_compat.TestIngestionConfigCompatibility.TestChromeMobile" name="test_cm003_css_styles" time="0.094" /><testcase classname="tests.generated.supplement.test_093_ingestion_config_compat.TestIngestionConfigCompatibility.TestChromeMobile" name="test_cm004_js_exec" time="0.079" /><testcase classname="tests.generated.supplement.test_093_ingestion_config_compat.TestIngestionConfigCompatibility.TestChromeMobile" name="test_cm005_flexbox" time="0.084" /><testcase classname="tests.generated.supplement.test_093_ingestion_config_compat.TestIngestionConfigCompatibility.TestChromeMobile" name="test_cm006_grid" time="0.079" /><testcase classname="tests.generated.supplement.test_093_ingestion_config_compat.TestIngestionConfigCompatibility.TestChromeMobile" name="test_cm007_scrollbar" time="0.078" /><testcase classname="tests.generated.supplement.test_093_ingestion_config_compat.TestIngestionConfigCompatibility.TestFirefoxMobile" name="test_fm001_page_load" time="0.069" /><testcase classname="tests.generated.supplement.test_093_ingestion_config_compat.TestIngestionConfigCompatibility.TestFirefoxMobile" name="test_fm002_layout_render" time="0.083" /><testcase classname="tests.generated.supplement.test_093_ingestion_config_compat.TestIngestionConfigCompatibility.TestFirefoxMobile" name="test_fm003_css_styles" time="0.090" /><testcase classname="tests.generated.supplement.test_093_ingestion_config_compat.TestIngestionConfigCompatibility.TestFirefoxMobile" name="test_fm004_js_exec" time="0.084" /><testcase classname="tests.generated.supplement.test_093_ingestion_config_compat.TestIngestionConfigCompatibility.TestFirefoxMobile" name="test_fm005_flexbox" time="0.065" /><testcase classname="tests.generated.supplement.test_093_ingestion_config_compat.TestIngestionConfigCompatibility.TestFirefoxMobile" name="test_fm006_grid" time="0.061" /><testcase classname="tests.generated.supplement.test_093_ingestion_config_compat.TestIngestionConfigCompatibility.TestFirefoxMobile" name="test_fm007_scrollbar" time="0.060" /><testcase classname="tests.generated.supplement.test_093_ingestion_config_compat.TestIngestionConfigCompatibility.TestSafariMobile" name="test_sm001_page_load" time="0.073" /><testcase classname="tests.generated.supplement.test_093_ingestion_config_compat.TestIngestionConfigCompatibility.TestSafariMobile" name="test_sm002_layout_render" time="0.099" /><testcase classname="tests.generated.supplement.test_093_ingestion_config_compat.TestIngestionConfigCompatibility.TestSafariMobile" name="test_sm003_css_styles" time="0.099" /><testcase classname="tests.generated.supplement.test_093_ingestion_config_compat.TestIngestionConfigCompatibility.TestSafariMobile" name="test_sm004_js_exec" time="0.087" /><testcase classname="tests.generated.supplement.test_093_ingestion_config_compat.TestIngestionConfigCompatibility.TestSafariMobile" name="test_sm005_flexbox" time="0.126" /><testcase classname="tests.generated.supplement.test_093_ingestion_config_compat.TestIngestionConfigCompatibility.TestSafariMobile" name="test_sm006_grid" time="0.102" /><testcase classname="tests.generated.supplement.test_093_ingestion_config_compat.TestIngestionConfigCompatibility.TestSafariMobile" name="test_sm007_scrollbar" time="0.099" /><testcase classname="tests.generated.supplement.test_094_log_system_compat.TestLogSystemCompatibility.TestChrome" name="test_c001_page_load" time="0.133" /><testcase classname="tests.generated.supplement.test_094_log_system_compat.TestLogSystemCompatibility.TestChrome" name="test_c002_layout_render" time="0.092" /><testcase classname="tests.generated.supplement.test_094_log_system_compat.TestLogSystemCompatibility.TestChrome" name="test_c003_css_styles" time="0.077" /><testcase classname="tests.generated.supplement.test_094_log_system_compat.TestLogSystemCompatibility.TestChrome" name="test_c004_js_exec" time="0.069" /><testcase classname="tests.generated.supplement.test_094_log_system_compat.TestLogSystemCompatibility.TestChrome" name="test_c005_flexbox" time="0.078" /><testcase classname="tests.generated.supplement.test_094_log_system_compat.TestLogSystemCompatibility.TestChrome" name="test_c006_grid" time="0.076" /><testcase classname="tests.generated.supplement.test_094_log_system_compat.TestLogSystemCompatibility.TestChrome" name="test_c007_scrollbar" time="0.094" /><testcase classname="tests.generated.supplement.test_094_log_system_compat.TestLogSystemCompatibility.TestFirefox" name="test_f001_page_load" time="0.099" /><testcase classname="tests.generated.supplement.test_094_log_system_compat.TestLogSystemCompatibility.TestFirefox" name="test_f002_layout_render" time="0.097" /><testcase classname="tests.generated.supplement.test_094_log_system_compat.TestLogSystemCompatibility.TestFirefox" name="test_f003_css_styles" time="0.083" /><testcase classname="tests.generated.supplement.test_094_log_system_compat.TestLogSystemCompatibility.TestFirefox" name="test_f004_js_exec" time="0.070" /><testcase classname="tests.generated.supplement.test_094_log_system_compat.TestLogSystemCompatibility.TestFirefox" name="test_f005_flexbox" time="0.072" /><testcase classname="tests.generated.supplement.test_094_log_system_compat.TestLogSystemCompatibility.TestFirefox" name="test_f006_grid" time="0.069" /><testcase classname="tests.generated.supplement.test_094_log_system_compat.TestLogSystemCompatibility.TestFirefox" name="test_f007_scrollbar" time="0.073" /><testcase classname="tests.generated.supplement.test_094_log_system_compat.TestLogSystemCompatibility.TestEdge" name="test_e001_page_load" time="0.087" /><testcase classname="tests.generated.supplement.test_094_log_system_compat.TestLogSystemCompatibility.TestEdge" name="test_e002_layout_render" time="0.085" /><testcase classname="tests.generated.supplement.test_094_log_system_compat.TestLogSystemCompatibility.TestEdge" name="test_e003_css_styles" time="0.091" /><testcase classname="tests.generated.supplement.test_094_log_system_compat.TestLogSystemCompatibility.TestEdge" name="test_e004_js_exec" time="0.116" /><testcase classname="tests.generated.supplement.test_094_log_system_compat.TestLogSystemCompatibility.TestEdge" name="test_e005_flexbox" time="0.108" /><testcase classname="tests.generated.supplement.test_094_log_system_compat.TestLogSystemCompatibility.TestEdge" name="test_e006_grid" time="0.101" /><testcase classname="tests.generated.supplement.test_094_log_system_compat.TestLogSystemCompatibility.TestEdge" name="test_e007_scrollbar" time="0.102" /><testcase classname="tests.generated.supplement.test_094_log_system_compat.TestLogSystemCompatibility.TestSafari" name="test_s001_page_load" time="0.085" /><testcase classname="tests.generated.supplement.test_094_log_system_compat.TestLogSystemCompatibility.TestSafari" name="test_s002_layout_render" time="0.093" /><testcase classname="tests.generated.supplement.test_094_log_system_compat.TestLogSystemCompatibility.TestSafari" name="test_s003_css_styles" time="0.105" /><testcase classname="tests.generated.supplement.test_094_log_system_compat.TestLogSystemCompatibility.TestSafari" name="test_s004_js_exec" time="0.088" /><testcase classname="tests.generated.supplement.test_094_log_system_compat.TestLogSystemCompatibility.TestSafari" name="test_s005_flexbox" time="0.087" /><testcase classname="tests.generated.supplement.test_094_log_system_compat.TestLogSystemCompatibility.TestSafari" name="test_s006_grid" time="0.107" /><testcase classname="tests.generated.supplement.test_094_log_system_compat.TestLogSystemCompatibility.TestSafari" name="test_s007_scrollbar" time="0.121" /><testcase classname="tests.generated.supplement.test_094_log_system_compat.TestLogSystemCompatibility.TestChromeMobile" name="test_cm001_page_load" time="0.106" /><testcase classname="tests.generated.supplement.test_094_log_system_compat.TestLogSystemCompatibility.TestChromeMobile" name="test_cm002_layout_render" time="0.115" /><testcase classname="tests.generated.supplement.test_094_log_system_compat.TestLogSystemCompatibility.TestChromeMobile" name="test_cm003_css_styles" time="0.111" /><testcase classname="tests.generated.supplement.test_094_log_system_compat.
[...]
atibility.TestFirefox" name="test_f007_websocket_support" time="2.163" /><testcase classname="tests.generated.test_082_sys_log_compat.TestSysLogCompatibility.TestEdge" name="test_e001_page_load" time="2.521" /><testcase classname="tests.generated.test_082_sys_log_compat.TestSysLogCompatibility.TestEdge" name="test_e002_layout_render" time="2.555" /><testcase classname="tests.generated.test_082_sys_log_compat.TestSysLogCompatibility.TestEdge" name="test_e003_font_render" time="2.596" /><testcase classname="tests.generated.test_082_sys_log_compat.TestSysLogCompatibility.TestEdge" name="test_e004_css_animation" time="2.382" /><testcase classname="tests.generated.test_082_sys_log_compat.TestSysLogCompatibility.TestEdge" name="test_e005_css_transform" time="2.717" /><testcase classname="tests.generated.test_082_sys_log_compat.TestSysLogCompatibility.TestEdge" name="test_e006_fetch_api" time="2.763" /><testcase classname="tests.generated.test_082_sys_log_compat.TestSysLogCompatibility.TestEdge" name="test_e007_async_await" time="2.749" /><testcase classname="tests.generated.test_082_sys_log_compat.TestSysLogCompatibility.TestResponsive" name="test_r001_desktop_1920" time="2.866" /><testcase classname="tests.generated.test_082_sys_log_compat.TestSysLogCompatibility.TestResponsive" name="test_r002_desktop_1440" time="3.021" /><testcase classname="tests.generated.test_082_sys_log_compat.TestSysLogCompatibility.TestResponsive" name="test_r003_desktop_1280" time="2.866" /><testcase classname="tests.generated.test_082_sys_log_compat.TestSysLogCompatibility.TestResponsive" name="test_r004_tablet_1024" time="2.822" /><testcase classname="tests.generated.test_082_sys_log_compat.TestSysLogCompatibility.TestResponsive" name="test_r005_tablet_768" time="2.753" /><testcase classname="tests.generated.test_082_sys_log_compat.TestSysLogCompatibility.TestResponsive" name="test_r006_mobile_414" time="2.751" /><testcase classname="tests.generated.test_082_sys_log_compat.TestSysLogCompatibility.TestResponsive" name="test_r007_mobile_375" time="2.364" /><testcase classname="tests.generated.test_082_sys_log_compat.TestSysLogCompatibility.TestInteraction" name="test_i001_click_event" time="2.409" /><testcase classname="tests.generated.test_082_sys_log_compat.TestSysLogCompatibility.TestInteraction" name="test_i002_hover_event" time="2.138" /><testcase classname="tests.generated.test_082_sys_log_compat.TestSysLogCompatibility.TestInteraction" name="test_i003_keyboard_input" time="2.615" /><testcase classname="tests.generated.test_082_sys_log_compat.TestSysLogCompatibility.TestInteraction" name="test_i004_keyboard_enter" time="4.685" /><testcase classname="tests.generated.test_082_sys_log_compat.TestSysLogCompatibility.TestInteraction" name="test_i005_tab_navigation" time="3.372" /><testcase classname="tests.generated.test_082_sys_log_compat.TestSysLogCompatibility.TestInteraction" name="test_i006_scroll_page" time="2.498" /><testcase classname="tests.generated.test_082_sys_log_compat.TestSysLogCompatibility.TestInteraction" name="test_i007_double_click" time="2.752" /><testcase classname="tests.generated.test_082_sys_log_compat.TestSysLogCompatibility.TestPerformance" name="test_p001_load_time" time="2.203" /><testcase classname="tests.generated.test_082_sys_log_compat.TestSysLogCompatibility.TestPerformance" name="test_p002_dom_elements" time="1.903" /><testcase classname="tests.generated.test_082_sys_log_compat.TestSysLogCompatibility.TestPerformance" name="test_p003_memory_usage" time="1.488" /><testcase classname="tests.generated.test_082_sys_log_compat.TestSysLogCompatibility.TestPerformance" name="test_p004_resource_count" time="2.359" /><testcase classname="tests.generated.test_082_sys_log_compat.TestSysLogCompatibility.TestPerformance" name="test_p005_first_paint" time="3.864" /><testcase classname="tests.generated.test_082_sys_log_compat.TestSysLogCompatibility.TestPerformance" name="test_p006_network_requests" time="2.681" /><testcase classname="tests.generated.test_082_sys_log_compat.TestSysLogCompatibility.TestPerformance" name="test_p007_css_loading" time="2.756" /><testcase classname="tests.generated.test_082_sys_log_compat.TestSysLogCompatibility.TestErrorHandling" name="test_x001_404_page" time="2.069" /><testcase classname="tests.generated.test_082_sys_log_compat.TestSysLogCompatibility.TestErrorHandling" name="test_x002_js_error_handling" time="2.462" /><testcase classname="tests.generated.test_082_sys_log_compat.TestSysLogCompatibility.TestErrorHandling" name="test_x003_network_error" time="1.871" /><testcase classname="tests.generated.test_082_sys_log_compat.TestSysLogCompatibility.TestErrorHandling" name="test_x004_timeout_handling" time="2.092" /><testcase classname="tests.generated.test_082_sys_log_compat.TestSysLogCompatibility.TestErrorHandling" name="test_x005_refresh_recovery" time="3.364" /><testcase classname="tests.generated.test_082_sys_log_compat.TestSysLogCompatibility.TestErrorHandling" name="test_x006_back_forward" time="4.296" /><testcase classname="tests.generated.test_082_sys_log_compat.TestSysLogCompatibility.TestErrorHandling" name="test_x007_concurrent_load" time="2.722" /><testcase classname="tests.generated.test_083_sys_audit_compat.TestSysAuditCompatibility.TestChrome" name="test_c001_page_load" time="2.844" /><testcase classname="tests.generated.test_083_sys_audit_compat.TestSysAuditCompatibility.TestChrome" name="test_c002_layout_render" time="2.274" /><testcase classname="tests.generated.test_083_sys_audit_compat.TestSysAuditCompatibility.TestChrome" name="test_c003_css_styles" time="2.035" /><testcase classname="tests.generated.test_083_sys_audit_compat.TestSysAuditCompatibility.TestChrome" name="test_c004_js_execution" time="1.689" /><testcase classname="tests.generated.test_083_sys_audit_compat.TestSysAuditCompatibility.TestChrome" name="test_c005_flexbox_support" time="2.057" /><testcase classname="tests.generated.test_083_sys_audit_compat.TestSysAuditCompatibility.TestChrome" name="test_c006_grid_support" time="2.312" /><testcase classname="tests.generated.test_083_sys_audit_compat.TestSysAuditCompatibility.TestChrome" name="test_c007_es6_support" time="2.706" /><testcase classname="tests.generated.test_083_sys_audit_compat.TestSysAuditCompatibility.TestFirefox" name="test_f001_page_load" time="2.681" /><testcase classname="tests.generated.test_083_sys_audit_compat.TestSysAuditCompatibility.TestFirefox" name="test_f002_layout_render" time="2.594" /><testcase classname="tests.generated.test_083_sys_audit_compat.TestSysAuditCompatibility.TestFirefox" name="test_f003_css_styles" time="2.424" /><testcase classname="tests.generated.test_083_sys_audit_compat.TestSysAuditCompatibility.TestFirefox" name="test_f004_form_elements" time="2.341" /><testcase classname="tests.generated.test_083_sys_audit_compat.TestSysAuditCompatibility.TestFirefox" name="test_f005_svg_render" time="2.380" /><testcase classname="tests.generated.test_083_sys_audit_compat.TestSysAuditCompatibility.TestFirefox" name="test_f006_canvas_support" time="2.935" /><testcase classname="tests.generated.test_083_sys_audit_compat.TestSysAuditCompatibility.TestFirefox" name="test_f007_websocket_support" time="2.658" /><testcase classname="tests.generated.test_083_sys_audit_compat.TestSysAuditCompatibility.TestEdge" name="test_e001_page_load" time="2.804" /><testcase classname="tests.generated.test_083_sys_audit_compat.TestSysAuditCompatibility.TestEdge" name="test_e002_layout_render" time="2.865" /><testcase classname="tests.generated.test_083_sys_audit_compat.TestSysAuditCompatibility.TestEdge" name="test_e003_font_render" time="2.844" /><testcase classname="tests.generated.test_083_sys_audit_compat.TestSysAuditCompatibility.TestEdge" name="test_e004_css_animation" time="2.831" /><testcase classname="tests.generated.test_083_sys_audit_compat.TestSysAuditCompatibility.TestEdge" name="test_e005_css_transform" time="2.804" /><testcase classname="tests.generated.test_083_sys_audit_compat.TestSysAuditCompatibility.TestEdge" name="test_e006_fetch_api" time="3.196" /><testcase classname="tests.generated.test_083_sys_audit_compat.TestSysAuditCompatibility.TestEdge" name="test_e007_async_await" time="2.903" /><testcase classname="tests.generated.test_083_sys_audit_compat.TestSysAuditCompatibility.TestResponsive" name="test_r001_desktop_1920" time="2.957" /><testcase classname="tests.generated.test_083_sys_audit_compat.TestSysAuditCompatibility.TestResponsive" name="test_r002_desktop_1440" time="2.588" /><testcase classname="tests.generated.test_083_sys_audit_compat.TestSysAuditCompatibility.TestResponsive" name="test_r003_desktop_1280" time="2.772" /><testcase classname="tests.generated.test_083_sys_audit_compat.TestSysAuditCompatibility.TestResponsive" name="test_r004_tablet_1024" time="2.556" /><testcase classname="tests.generated.test_083_sys_audit_compat.TestSysAuditCompatibility.TestResponsive" name="test_r005_tablet_768" time="2.367" /><testcase classname="tests.generated.test_083_sys_audit_compat.TestSysAuditCompatibility.TestResponsive" name="test_r006_mobile_414" time="2.294" /><testcase classname="tests.generated.test_083_sys_audit_compat.TestSysAuditCompatibility.TestResponsive" name="test_r007_mobile_375" time="2.748" /><testcase classname="tests.generated.test_083_sys_audit_compat.TestSysAuditCompatibility.TestInteraction" name="test_i001_click_event" time="3.269" /><testcase classname="tests.generated.test_083_sys_audit_compat.TestSysAuditCompatibility.TestInteraction" name="test_i002_hover_event" time="3.207" /><testcase classname="tests.generated.test_083_sys_audit_compat.TestSysAuditCompatibility.TestInteraction" name="test_i003_keyboard_input" time="3.849" /><testcase classname="tests.generated.test_083_sys_audit_compat.TestSysAuditCompatibility.TestInteraction" name="test_i004_keyboard_enter" time="3.864" /><testcase classname="tests.generated.test_083_sys_audit_compat.TestSysAuditCompatibility.TestInteraction" name="test_i005_tab_navigation" time="2.515" /><testcase classname="tests.generated.test_083_sys_audit_compat.TestSysAuditCompatibility.TestInteraction" name="test_i006_scroll_page" time="1.870" /><testcase classname="tests.generated.test_083_sys_audit_compat.TestSysAuditCompatibility.TestInteraction" name="test_i007_double_click" time="2.518" /><testcase classname="tests.generated.test_083_sys_audit_compat.TestSysAuditCompatibility.TestPerformance" name="test_p001_load_time" time="2.802" /><testcase classname="tests.generated.test_083_sys_audit_compat.TestSysAuditCompatibility.TestPerformance" name="test_p002_dom_elements" time="2.668" /><testcase classname="tests.generated.test_083_sys_audit_compat.TestSysAuditCompatibility.TestPerformance" name="test_p003_memory_usage" time="2.741" /><testcase classname="tests.generated.test_083_sys_audit_compat.TestSysAuditCompatibility.TestPerformance" name="test_p004_resource_count" time="2.289" /><testcase classname="tests.generated.test_083_sys_audit_compat.TestSysAuditCompatibility.TestPerformance" name="test_p005_first_paint" time="2.665" /><testcase classname="tests.generated.test_083_sys_audit_compat.TestSysAuditCompatibility.TestPerformance" name="test_p006_network_requests" time="2.163" /><testcase classname="tests.generated.test_083_sys_audit_compat.TestSysAuditCompatibility.TestPerformance" name="test_p007_css_loading" time="1.717" /><testcase classname="tests.generated.test_083_sys_audit_compat.TestSysAuditCompatibility.TestErrorHandling" name="test_x001_404_page" time="2.015" /><testcase classname="tests.generated.test_083_sys_audit_compat.TestSysAuditCompatibility.TestErrorHandling" name="test_x002_js_error_handling" time="2.675" /><testcase classname="tests.generated.test_083_sys_audit_compat.TestSysAuditCompatibility.TestErrorHandling" name="test_x003_network_error" time="2.675" /><testcase classname="tests.generated.test_083_sys_audit_compat.TestSysAuditCompatibility.TestErrorHandling" name="test_x004_timeout_handling" time="2.400" /><testcase classname="tests.generated.test_083_sys_audit_compat.TestSysAuditCompatibility.TestErrorHandling" name="test_x005_refresh_recovery" time="3.448" /><testcase classname="tests.generated.test_083_sys_audit_compat.TestSysAuditCompatibility.TestErrorHandling" name="test_x006_back_forward" time="3.615" /><testcase classname="tests.generated.test_083_sys_audit_compat.TestSysAuditCompatibility.TestErrorHandling" name="test_x007_concurrent_load" time="1.976" /><testcase classname="tests.generated.test_084_sys_monitor_compat.TestSysMonitorCompatibility.TestChrome" name="test_c001_page_load" time="1.953" /><testcase classname="tests.generated.test_084_sys_monitor_compat.TestSysMonitorCompatibility.TestChrome" name="test_c002_layout_render" time="2.262" /><testcase classname="tests.generated.test_084_sys_monitor_compat.TestSysMonitorCompatibility.TestChrome" name="test_c003_css_styles" time="2.598" /><testcase classname="tests.generated.test_084_sys_monitor_compat.TestSysMonitorCompatibility.TestChrome" name="test_c004_js_execution" time="2.831" /><testcase classname="tests.generated.test_084_sys_monitor_compat.TestSysMonitorCompatibility.TestChrome" name="test_c005_flexbox_support" time="2.516" /><testcase classname="tests.generated.test_084_sys_monitor_compat.TestSysMonitorCompatibility.TestChrome" name="test_c006_grid_support" time="2.624" /><testcase classname="tests.generated.test_084_sys_monitor_compat.TestSysMonitorCompatibility.TestChrome" name="test_c007_es6_support" time="2.620" /><testcase classname="tests.generated.test_084_sys_monitor_compat.TestSysMonitorCompatibility.TestFirefox" name="test_f001_page_load" time="2.552" /><testcase classname="tests.generated.test_084_sys_monitor_compat.TestSysMonitorCompatibility.TestFirefox" name="test_f002_layout_render" time="2.729" /><testcase classname="tests.generated.test_084_sys_monitor_compat.TestSysMonitorCompatibility.TestFirefox" name="test_f003_css_styles" time="2.630" /><testcase classname="tests.generated.test_084_sys_monitor_compat.TestSysMonitorCompatibility.TestFirefox" name="test_f004_form_elements" time="2.775" /><testcase classname="tests.generated.test_084_sys_monitor_compat.TestSysMonitorCompatibility.TestFirefox" name="test_f005_svg_render" time="2.754" /><testcase classname="tests.generated.test_084_sys_monitor_compat.TestSysMonitorCompatibility.TestFirefox" name="test_f006_canvas_support" time="2.832" /><testcase classname="tests.generated.test_084_sys_monitor_compat.TestSysMonitorCompatibility.TestFirefox" name="test_f007_websocket_support" time="2.753" /><testcase classname="tests.generated.test_084_sys_monitor_compat.TestSysMonitorCompatibility.TestEdge" name="test_e001_page_load" time="2.955" /><testcase classname="tests.generated.test_084_sys_monitor_compat.TestSysMonitorCompatibility.TestEdge" name="test_e002_layout_render" time="2.766" /><testcase classname="tests.generated.test_084_sys_monitor_compat.TestSysMonitorCompatibility.TestEdge" name="test_e003_font_render" time="2.449" /><testcase classname="tests.generated.test_084_sys_monitor_compat.TestSysMonitorCompatibility.TestEdge" name="test_e004_css_animation" time="2.194" /><testcase classname="tests.generated.test_084_sys_monitor_compat.TestSysMonitorCompatibility.TestEdge" name="test_e005_css_transform" time="2.063" /><testcase classname="tests.generated.test_084_sys_monitor_compat.TestSysMonitorCompatibility.TestEdge" name="test_e006_fetch_api" time="1.571" /><testcase classname="tests.generated.test_084_sys_monitor_compat.TestSysMonitorCompatibility.TestEdge" name="test_e007_async_await" time="2.078" /><testcase classname="tests.generated.test_084_sys_monitor_compat.TestSysMonitorCompatibility.TestResponsive" name="test_r001_desktop_1920" time="2.674" /><testcase classname="tests.generated.test_084_sys_monitor_compat.TestSysMonitorCompatibility.TestResponsive" name="test_r002_desktop_1440" time="2.103" /><testcase classname="tests.generated.test_084_sys_monitor_compat.TestSysMonitorCompatibility.TestResponsive" name="test_r003_desktop_1280" time="2.032" /><testcase classname="tests.generated.test_084_sys_monitor_compat.TestSysMonitorCompatibility.TestResponsive" name="test_r004_tablet_1024" time="3.392" /><testcase classname="tests.generated.test_084_sys_monitor_compat.TestSysMonitorCompatibility.TestResponsive" name="test_r005_tablet_768" time="2.288" /><testcase classname="tests.generated.test_084_sys_monitor_compat.TestSysMonitorCompatibility.TestResponsive" name="test_r006_mobile_414" time="2.505" /><testcase classname="tests.generated.test_084_sys_monitor_compat.TestSysMonitorCompatibility.TestResponsive" name="test_r007_mobile_375" time="2.004" /><testcase classname="tests.generated.test_084_sys_monitor_compat.TestSysMonitorCompatibility.TestInteraction" name="test_i001_click_event" time="2.647" /><testcase classname="tests.generated.test_084_sys_monitor_compat.TestSysMonitorCompatibility.TestInteraction" name="test_i002_hover_event" time="2.628" /><testcase classname="tests.generated.test_084_sys_monitor_compat.TestSysMonitorCompatibility.TestInteraction" name="test_i003_keyboard_input" time="2.638" /><testcase classname="tests.generated.test_084_sys_monitor_compat.TestSysMonitorCompatibility.TestInteraction" name="test_i004_keyboard_enter" time="3.745" /><testcase classname="tests.generated.test_084_sys_monitor_compat.TestSysMonitorCompatibility.TestInteraction" name="test_i005_tab_navigation" time="2.833" /><testcase classname="tests.generated.test_084_sys_monitor_compat.TestSysMonitorCompatibility.TestInteraction" name="test_i006_scroll_page" time="2.391" /><testcase classname="tests.generated.test_084_sys_monitor_compat.TestSysMonitorCompatibility.TestInteraction" name="test_i007_double_click" time="2.940" /><testcase classname="tests.generated.test_084_sys_monitor_compat.TestSysMonitorCompatibility.TestPerformance" name="test_p001_load_time" time="2.291" /><testcase classname="tests.generated.test_084_sys_monitor_compat.TestSysMonitorCompatibility.TestPerformance" name="test_p002_dom_elements" time="2.297" /><testcase classname="tests.generated.test_084_sys_monitor_compat.TestSysMonitorCompatibility.TestPerformance" name="test_p003_memory_usage" time="2.554" /><testcase classname="tests.generated.test_084_sys_monitor_compat.TestSysMonitorCompatibility.TestPerformance" name="test_p004_resource_count" time="2.010" /><testcase classname="tests.generated.test_084_sys_monitor_compat.TestSysMonitorCompatibility.TestPerformance" name="test_p005_first_paint" time="2.101" /><testcase classname="tests.generated.test_084_sys_monitor_compat.TestSysMonitorCompatibility.TestPerformance" name="test_p006_network_requests" time="2.311" /><testcase classname="tests.generated.test_084_sys_monitor_compat.TestSysMonitorCompatibility.TestPerformance" name="test_p007_css_loading" time="2.621" /><testcase classname="tests.generated.test_084_sys_monitor_compat.TestSysMonitorCompatibility.TestErrorHandling" name="test_x001_404_page" time="2.071" /><testcase classname="tests.generated.test_084_sys_monitor_compat.TestSysMonitorCompatibility.TestErrorHandling" name="test_x002_js_error_handling" time="2.590" /><testcase classname="tests.generated.test_084_sys_monitor_compat.TestSysMonitorCompatibility.TestErrorHandling" name="test_x003_network_error" time="2.196" /><testcase classname="tests.generated.test_084_sys_monitor_compat.TestSysMonitorCompatibility.TestErrorHandling" name="test_x004_timeout_handling" time="2.075" /><testcase classname="tests.generated.test_084_sys_monitor_compat.TestSysMonitorCompatibility.TestErrorHandling" name="test_x005_refresh_recovery" time="2.922" /><testcase classname="tests.generated.test_084_sys_monitor_compat.TestSysMonitorCompatibility.TestErrorHandling" name="test_x006_back_forward" time="2.883" /><testcase classname="tests.generated.test_084_sys_monitor_compat.TestSysMonitorCompatibility.TestErrorHandling" name="test_x007_concurrent_load" time="5.497" /></testsuite></testsuites>