<?xml version="1.0" encoding="utf-8"?><testsuites name="pytest tests"><testsuite name="pytest" errors="0" failures="0" skipped="0" tests="68" time="5.208" timestamp="2026-03-12T16:16:47.218297+08:00" hostname="JGSY"><testcase classname="blockchain.test_data_consistency.TestWalPreWriteLogging" name="test_wal_intent_created_before_operation" time="0.144" /><testcase classname="blockchain.test_data_consistency.TestWalPreWriteLogging" name="test_wal_intent_to_committed_transition" time="0.002" /><testcase classname="blockchain.test_data_consistency.TestWalPreWriteLogging" name="test_wal_incomplete_entries_recovery" time="0.001" /><testcase classname="blockchain.test_data_consistency.TestWalPreWriteLogging" name="test_wal_crash_recovery" time="0.001" /><testcase classname="blockchain.test_data_consistency.TestIdempotencyGuards" name="test_idempotency_key_generation" time="0.000" /><testcase classname="blockchain.test_data_consistency.TestIdempotencyGuards" name="test_duplicate_request_same_key_returns_cached_tx_hash" time="0.000" /><testcase classname="blockchain.test_data_consistency.TestIdempotencyGuards" name="test_cross_chain_failover_idempotency" time="0.001" /><testcase classname="blockchain.test_data_consistency.TestCrossChainTransactionMapping" name="test_create_cross_chain_mapping" time="0.001" /><testcase classname="blockchain.test_data_consistency.TestCrossChainTransactionMapping" name="test_get_sync_queue_for_primary_chain" time="0.002" /><testcase classname="blockchain.test_data_consistency.TestCrossChainTransactionMapping" name="test_sync_status_transitions" time="0.001" /><testcase classname="blockchain.test_data_consistency.TestRecoveryCheckpoints" name="test_create_recovery_checkpoint" time="0.001" /><testcase classname="blockchain.test_data_consistency.TestRecoveryCheckpoints" name="test_checkpoint_progress_tracking" time="0.001" /><testcase classname="blockchain.test_data_consistency.TestRecoveryCheckpoints" name="test_resumable_recovery" time="0.001" /><testcase classname="blockchain.test_data_consistency.TestFullCrossChainRecoveryScenario" name="test_complete_cross_chain_failover_and_recovery" time="0.001" /><testcase classname="blockchain.test_data_consistency.TestBoundaryConditions" name="test_empty_sync_queue" time="0.001" /><testcase classname="blockchain.test_data_consistency.TestBoundaryConditions" name="test_large_number_of_mappings" time="0.005" /><testcase classname="blockchain.test_disaster_recovery_integration.TestDisasterRecoveryIntegration" name="test_same_chain_node_failover" time="0.003" /><testcase classname="blockchain.test_disaster_recovery_integration.TestDisasterRecoveryIntegration" name="test_cross_chain_disaster_backup" time="0.002" /><testcase classname="blockchain.test_disaster_recovery_integration.TestDisasterRecoveryIntegration" name="test_idempotency_prevents_duplicate_submission" time="0.002" /><testcase classname="blockchain.test_disaster_recovery_integration.TestDisasterRecoveryIntegration" name="test_wal_recovery_checkpoint" time="0.003" /><testcase classname="blockchain.test_disaster_recovery_integration.TestDisasterRecoveryIntegration" name="test_concurrent_failures_with_semaphore" time="0.003" /><testcase classname="blockchain.test_disaster_recovery_integration.TestDisasterRecoveryIntegration" name="test_health_monitor_auto_recovery" time="0.002" /><testcase classname="blockchain.test_disaster_recovery_integration.TestDisasterRecoveryIntegration" name="test_mixed_chain_deployment_scenario" time="0.004" /><testcase classname="blockchain.test_disaster_recovery_integration.TestDisasterRecoveryPerformance" name="test_failover_latency_p95_baseline" time="1.168" /><testcase classname="blockchain.test_disaster_recovery_integration.TestDisasterRecoveryPerformance" name="test_concurrent_failover_throughput" time="0.041" /><testcase classname="blockchain.test_failover_api.TestFailoverStatusApi" name="test_get_failover_status_success" time="0.235" /><testcase classname="blockchain.test_failover_api.TestFailoverStatusApi" name="test_get_failover_status_contains_all_nodes" time="0.227" /><testcase classname="blockchain.test_failover_api.TestFailoverStatusApi" name="test_get_failover_status_without_auth_should_fail" time="0.234" /><testcase classname="blockchain.test_failover_api.TestChainSwitchApi" name="test_switch_chain_to_fisco_success" time="0.230" /><testcase classname="blockchain.test_failover_api.TestChainSwitchApi" name="test_switch_chain_to_hyperchain_success" time="0.223" /><testcase classname="blockchain.test_failover_api.TestChainSwitchApi" name="test_switch_chain_to_invalid_chain_should_fail" time="0.225" /><testcase classname="blockchain.test_failover_api.TestChainSwitchApi" name="test_switch_chain_with_reason" time="0.223" /><testcase classname="blockchain.test_failover_api.TestNodeSwitchApi" name="test_switch_node_success" time="0.234" /><testcase classname="blockchain.test_failover_api.TestNodeSwitchApi" name="test_switch_to_all_available_nodes" time="0.224" /><testcase classname="blockchain.test_failover_api.TestResetApi" name="test_reset_to_default_success" time="0.231" /><testcase classname="blockchain.test_failover_api.TestResetApi" name="test_reset_unlocks_manual_lock" time="0.234" /><testcase classname="blockchain.test_failover_api.TestHealthApi" name="test_get_health_success" time="0.238" /><testcase classname="blockchain.test_failover_api.TestHealthApi" name="test_health_includes_chain_info" time="0.223" /><testcase classname="blockchain.test_failover_api.TestIntegrationScenarios" name="test_failover_scenario_chainmaker_to_fisco" time="0.224" /><testcase classname="blockchain.test_failover_api.TestIntegrationScenarios" name="test_rapid_chain_switches" time="0.223" /><testcase classname="blockchain.test_failover_api.TestConcurrency" name="test_concurrent_status_queries" time="0.234" /><testcase classname="blockchain.test_failover_unit.TestSameChainFailover" name="test_node1_available_should_use_node1" time="0.001" /><testcase classname="blockchain.test_failover_unit.TestSameChainFailover" name="test_node1_unavailable_should_failover_to_node2" time="0.001" /><testcase classname="blockchain.test_failover_unit.TestSameChainFailover" name="test_node1_node2_unavailable_should_failover_to_node3" time="0.001" /><testcase classname="blockchain.test_failover_unit.TestSameChainFailover" name="test_all_nodes_unavailable_should_raise_exception" time="0.001" /><testcase classname="blockchain.test_failover_unit.TestSameChainFailover" name="test_multiple_consecutive_failures" time="0.001" /><testcase classname="blockchain.test_failover_unit.TestCrossChainFailover" name="test_switch_to_fisco_when_chainmaker_unavailable" time="0.001" /><testcase classname="blockchain.test_failover_unit.TestCrossChainFailover" name="test_switch_chain_priority_order" time="0.001" /><testcase classname="blockchain.test_failover_unit.TestCrossChainFailover" name="test_manual_lock_prevents_auto_switch" time="0.001" /><testcase classname="blockchain.test_failover_unit.TestCrossChainFailover" name="test_reset_unlocks_and_restores_default" time="0.001" /><testcase classname="blockchain.test_failover_unit.TestCircuitBreaker" name="test_circuit_breaker_closed_allows_requests" time="0.000" /><testcase classname="blockchain.test_failover_unit.TestCircuitBreaker" name="test_circuit_breaker_opens_after_failures" time="0.000" /><testcase classname="blockchain.test_failover_unit.TestCircuitBreaker" name="test_circuit_breaker_half_open_after_timeout" time="0.000" /><testcase classname="blockchain.test_failover_unit.TestCircuitBreaker" name="test_circuit_breaker_recovers_after_successes" time="0.000" /><testcase classname="blockchain.test_failover_unit.TestIdempotency" name="test_first_request_not_cached" time="0.000" /><testcase classname="blockchain.test_failover_unit.TestIdempotency" name="test_cached_result_returns_same_hash" time="0.000" /><testcase classname="blockchain.test_failover_unit.TestIdempotency" name="test_duplicate_request_uses_cache" time="0.000" /><testcase classname="blockchain.test_failover_unit.TestStatusAndAudit" name="test_get_failover_status" time="0.001" /><testcase classname="blockchain.test_failover_unit.TestStatusAndAudit" name="test_failover_events_recorded" time="0.001" /><testcase classname="blockchain.test_failover_unit.TestParametrized" name="test_switch_to_all_chains[ChainMaker]" time="0.001" /><testcase classname="blockchain.test_failover_unit.TestParametrized" name="test_switch_to_all_chains[FISCO]" time="0.001" /><testcase classname="blockchain.test_failover_unit.TestParametrized" name="test_switch_to_all_chains[Hyperchain]" time="0.001" /><testcase classname="blockchain.test_failover_unit.TestParametrized" name="test_circuit_breaker_failure_counts[1]" time="0.000" /><testcase classname="blockchain.test_failover_unit.TestParametrized" name="test_circuit_breaker_failure_counts[2]" time="0.001" /><testcase classname="blockchain.test_failover_unit.TestParametrized" name="test_circuit_breaker_failure_counts[3]" time="0.000" /><testcase classname="blockchain.test_failover_unit.TestParametrized" name="test_failover_with_different_unavailable_nodes[unavailable_nodes0]" time="0.001" /><testcase classname="blockchain.test_failover_unit.TestParametrized" name="test_failover_with_different_unavailable_nodes[unavailable_nodes1]" time="0.001" /><testcase classname="blockchain.test_failover_unit.TestParametrized" name="test_failover_with_different_unavailable_nodes[unavailable_nodes2]" time="0.001" /></testsuite></testsuites>